0 info it worked if it ends with ok
1 verbose cli [ '/home/yucheng-slave/workspace/lesbonne/core/ui/target/node/node',
1 verbose cli   '/home/yucheng-slave/workspace/lesbonne/core/ui/target/node/node_modules/npm/bin/npm-cli.js',
1 verbose cli   'run-script',
1 verbose cli   'dev-build',
1 verbose cli   '--color=false' ]
2 info using npm@3.5.2
3 info using node@v5.3.0
4 verbose stack Error: missing script: dev-build
4 verbose stack     at run (/home/yucheng-slave/workspace/lesbonne/core/ui/target/node/node_modules/npm/lib/run-script.js:147:19)
4 verbose stack     at /home/yucheng-slave/workspace/lesbonne/core/ui/target/node/node_modules/npm/lib/run-script.js:57:5
4 verbose stack     at /home/yucheng-slave/workspace/lesbonne/core/ui/target/node/node_modules/npm/node_modules/read-package-json/read-json.js:345:5
4 verbose stack     at checkBinReferences_ (/home/yucheng-slave/workspace/lesbonne/core/ui/target/node/node_modules/npm/node_modules/read-package-json/read-json.js:309:45)
4 verbose stack     at final (/home/yucheng-slave/workspace/lesbonne/core/ui/target/node/node_modules/npm/node_modules/read-package-json/read-json.js:343:3)
4 verbose stack     at then (/home/yucheng-slave/workspace/lesbonne/core/ui/target/node/node_modules/npm/node_modules/read-package-json/read-json.js:113:5)
4 verbose stack     at ReadFileContext.<anonymous> (/home/yucheng-slave/workspace/lesbonne/core/ui/target/node/node_modules/npm/node_modules/read-package-json/read-json.js:284:20)
4 verbose stack     at ReadFileContext.callback (/home/yucheng-slave/workspace/lesbonne/core/ui/target/node/node_modules/npm/node_modules/graceful-fs/graceful-fs.js:76:16)
4 verbose stack     at FSReqWrap.readFileAfterOpen [as oncomplete] (fs.js:324:13)
5 verbose cwd /home/yucheng-slave/workspace/lesbonne/core/ui/src/main/webapp/assets
6 error Linux 3.13.0-46-generic
7 error argv "/home/yucheng-slave/workspace/lesbonne/core/ui/target/node/node" "/home/yucheng-slave/workspace/lesbonne/core/ui/target/node/node_modules/npm/bin/npm-cli.js" "run-script" "dev-build" "--color=false"
8 error node v5.3.0
9 error npm  v3.5.2
10 error missing script: dev-build
11 error If you need help, you may report this error at:
11 error     <https://github.com/npm/npm/issues>
12 verbose exit [ 1, true ]
