#
# A fatal error has been detected by the Java Runtime Environment:
#
#  SIGSEGV (0xb) at pc=0x00007fc5a53c1a51, pid=5358, tid=140486641309440
#
# JRE version: Java(TM) SE Runtime Environment (7.0_80-b05) (build 1.7.0_80-ea-b05)
# Java VM: Java HotSpot(TM) 64-Bit Server VM (24.80-b07 mixed mode linux-amd64 compressed oops)
# Problematic frame:
# V  [libjvm.so+0x710a51]  VM_RedefineClasses::set_new_constant_pool(instanceKlassHandle, constantPoolHandle, int, Thread*)+0x17c1
#
# Failed to write core dump. Core dumps have been disabled. To enable core dumping, try "ulimit -c unlimited" before starting Java again
#
# If you would like to submit a bug report, please visit:
#   http://bugreport.java.com/bugreport/crash.jsp
#

---------------  T H R E A D  ---------------

Current thread (0x00007fc5a00b1000):  JavaThread "JDWP Transport Listener: dt_socket" daemon [_thread_in_vm, id=5391, stack(0x00007fc59849d000,0x00007fc59859e000)]

siginfo:si_signo=SIGSEGV: si_errno=0, si_code=1 (SEGV_MAPERR), si_addr=0x0000000000000000

Registers:
RAX=0x0000000000000000, RBX=0x0000000000000033, RCX=0x00007fc5a0006950, RDX=0x0000000000000000
RSP=0x00007fc59859c280, RBP=0x00007fc59859c380, RSI=0x0000000000000000, RDI=0x0000000000000000
R8 =0x00007fc5a5afc5c0, R9 =0x61667265746e695f, R10=0x00007fc5a5ee7fe0, R11=0x0000000000000000
R12=0x0000000000000000, R13=0x00007fc5a00b2020, R14=0x0000000000000034, R15=0x00007fc5a00b1000
RIP=0x00007fc5a53c1a51, EFLAGS=0x0000000000010246, CSGSFS=0x0000000000000033, ERR=0x0000000000000004
  TRAPNO=0x000000000000000e

Top of Stack: (sp=0x00007fc59859c280)
0x00007fc59859c280:   00007fc5a00b1000 0000000000000025
0x00007fc59859c290:   00007fc5a00b2020 00007fc5a00b1dd0
0x00007fc59859c2a0:   00007fc59859c880 0000000000000000
0x00007fc59859c2b0:   0000000000000000 00007fc5a00b2060
0x00007fc59859c2c0:   00007fc59859c350 00007fc5a00b1000
0x00007fc59859c2d0:   00007fc5a00b1fb8 00007fc59859c880
0x00007fc59859c2e0:   00007fc5a00b1000 00007fc59859c880
0x00007fc59859c2f0:   00007fc5a00b1000 00007fc59859c880
0x00007fc59859c300:   00007fc5a00b2028 fffffffffffffff8
0x00007fc59859c310:   0000000000000000 00000006a513ccbe
0x00007fc59859c320:   00007fc5a00b1000 00007fc5a00b1000
0x00007fc59859c330:   00007fc5a00b1fb8 00007fc59859c880
0x00007fc59859c340:   00007fc5a00b1ff0 00007fc5a00b1000
0x00007fc59859c350:   00007fc59859c380 0000000000000033
0x00007fc59859c360:   00007fc5a5afc540 00007fc5a00b1ff8
0x00007fc59859c370:   00007fc5a00b1ff0 00007fc5a00b1000
0x00007fc59859c380:   00007fc59859c450 00007fc5a53c22d1
0x00007fc59859c390:   00007fc59859c3b0 00007fc5a00b1000
0x00007fc59859c3a0:   00007fc5a00b1fb8 00007fc59859c880
0x00007fc59859c3b0:   00007fc5a00b1fd8 00007fc5a00b1fd0
0x00007fc59859c3c0:   0000000100000001 00007fc500000006
0x00007fc59859c3d0:   00007fc5a00b1fc8 00007fc5a00b1fc0
0x00007fc59859c3e0:   00007fc5a00a9130 00007fc5a00b19e0
0x00007fc59859c3f0:   00007fc5a00b1a30 00007fc5a00b1dc8
0x00007fc59859c400:   00000000000003d8 00000000000003d8
0x00007fc59859c410:   00007fc5a00b2020 00000034ffffffff
0x00007fc59859c420:   00007fc5a00b3160 00007fc5a00b1dd0
0x00007fc59859c430:   0000000000000000 00000007850a2368
0x00007fc59859c440:   00007fc5a00b3160 00007fc5a00b1000
0x00007fc59859c450:   00007fc59859c5a0 00007fc5a53c2773
0x00007fc59859c460:   00007fc5a00b1000 000000000000007d
0x00007fc59859c470:   0000000100000000 00007fc59859c550 

Instructions: (pc=0x00007fc5a53c1a51)
0x00007fc5a53c1a31:   ff ff ff 00 0f 1f 00 0f 85 e0 e9 ff ff 44 0f b7
0x00007fc5a53c1a41:   3c 25 72 01 00 00 b8 10 00 00 00 e9 e3 e9 ff ff
0x00007fc5a53c1a51:   4c 8b 20 48 c7 85 70 ff ff ff 00 00 00 00 e9 ac
0x00007fc5a53c1a61:   e8 ff ff 48 8b 1b 48 c7 85 78 ff ff ff 00 00 00 

Register to memory mapping:

RAX=0x0000000000000000 is an unknown value
RBX=0x0000000000000033 is an unknown value
RCX=0x00007fc5a0006950 is an unknown value
RDX=0x0000000000000000 is an unknown value
RSP=0x00007fc59859c280 is pointing into the stack for thread: 0x00007fc5a00b1000
RBP=0x00007fc59859c380 is pointing into the stack for thread: 0x00007fc5a00b1000
RSI=0x0000000000000000 is an unknown value
RDI=0x0000000000000000 is an unknown value
R8 =0x00007fc5a5afc5c0: <offset 0xe4b5c0> in /home/yucheng-slave/Yummet/Webapp/tools/jdk/Linux/jdk1.7.0_80/jre/lib/amd64/server/libjvm.so at 0x00007fc5a4cb1000
R9 =0x61667265746e695f is an unknown value
R10=0x00007fc5a5ee7fe0: <offset 0x3bcfe0> in /lib/x86_64-linux-gnu/libc.so.6 at 0x00007fc5a5b2b000
R11=0x0000000000000000 is an unknown value
R12=0x0000000000000000 is an unknown value
R13=0x00007fc5a00b2020 is an unknown value
R14=0x0000000000000034 is an unknown value
R15=0x00007fc5a00b1000 is a thread


Stack: [0x00007fc59849d000,0x00007fc59859e000],  sp=0x00007fc59859c280,  free space=1020k
Native frames: (J=compiled Java code, j=interpreted, Vv=VM code, C=native code)
V  [libjvm.so+0x710a51]  VM_RedefineClasses::set_new_constant_pool(instanceKlassHandle, constantPoolHandle, int, Thread*)+0x17c1
V  [libjvm.so+0x7112d1]  VM_RedefineClasses::merge_cp_and_rewrite(instanceKlassHandle, instanceKlassHandle, Thread*)+0x721
V  [libjvm.so+0x711773]  VM_RedefineClasses::load_new_class_versions(Thread*)+0x413
V  [libjvm.so+0x71208d]  VM_RedefineClasses::doit_prologue()+0xbd
V  [libjvm.so+0x9a9b9b]  VMThread::execute(VM_Operation*)+0x16b
V  [libjvm.so+0x6dfe38]  JvmtiEnv::RedefineClasses(int, _jvmtiClassDefinition const*)+0x28
V  [libjvm.so+0x6a280c]  jvmti_RedefineClasses+0x23c
C  [libjdwp.so+0xbbc6]  redefineClasses+0x1f6
C  [libjdwp.so+0x11976]  debugLoop_run+0x2b6
C  [libjdwp.so+0x24541]  acceptThread+0x111
V  [libjvm.so+0x6ff647]  JvmtiAgentThread::call_start_function()+0x97
V  [libjvm.so+0x95bb2f]  JavaThread::thread_main_inner()+0xdf
V  [libjvm.so+0x95bc35]  JavaThread::run()+0xf5
V  [libjvm.so+0x823418]  java_start(Thread*)+0x108


---------------  P R O C E S S  ---------------

Java Threads: ( => current thread )
  0x00007fc4e9078800 JavaThread "HashSessionScavenger-4" daemon [_thread_blocked, id=5625, stack(0x00007fc59367e000,0x00007fc59377f000)]
  0x00007fc4e632b000 JavaThread "MySQL Statement Cancellation Timer" daemon [_thread_blocked, id=5566, stack(0x00007fc59235f000,0x00007fc592460000)]
  0x00007fc4e4b49000 JavaThread "Timer-3" daemon [_thread_blocked, id=5565, stack(0x00007fc592460000,0x00007fc592561000)]
  0x00007fc4f4298800 JavaThread "MySQL Statement Cancellation Timer" daemon [_thread_blocked, id=5525, stack(0x00007fc592561000,0x00007fc592662000)]
  0x00007fc4e2d15800 JavaThread "Timer-2" daemon [_thread_blocked, id=5524, stack(0x00007fc592662000,0x00007fc592763000)]
  0x00007fc4e21ce000 JavaThread "MySQL Statement Cancellation Timer" daemon [_thread_blocked, id=5518, stack(0x00007fc592763000,0x00007fc592864000)]
  0x00007fc4ea9b1800 JavaThread "Timer-1" daemon [_thread_blocked, id=5517, stack(0x00007fc592864000,0x00007fc592965000)]
  0x00007fc548001000 JavaThread "JDWP Command Reader" daemon [_thread_in_native, id=5426, stack(0x00007fc592965000,0x00007fc592a66000)]
  0x00007fc537806000 JavaThread "Scanner-0" daemon [_thread_blocked, id=5410, stack(0x00007fc592a72000,0x00007fc592b73000)]
  0x00007fc5377f5000 JavaThread "StopJettyPluginMonitor" daemon [_thread_in_native, id=5409, stack(0x00007fc592b73000,0x00007fc592c74000)]
  0x00007fc5377ea800 JavaThread "qtp343682676-22" [_thread_blocked, id=5408, stack(0x00007fc592c74000,0x00007fc592d75000)]
  0x00007fc5377e8800 JavaThread "qtp343682676-21" [_thread_blocked, id=5407, stack(0x00007fc592d75000,0x00007fc592e76000)]
  0x00007fc5a0349800 JavaThread "qtp343682676-20" [_thread_blocked, id=5406, stack(0x00007fc592e76000,0x00007fc592f77000)]
  0x00007fc5a0347800 JavaThread "qtp343682676-19" [_thread_blocked, id=5405, stack(0x00007fc592f77000,0x00007fc593078000)]
  0x00007fc5a0345800 JavaThread "qtp343682676-18 Acceptor1 SelectChannelConnector@0.0.0.0:8092" [_thread_in_native, id=5404, stack(0x00007fc593078000,0x00007fc593179000)]
  0x00007fc5a0344000 JavaThread "qtp343682676-17 Acceptor0 SelectChannelConnector@0.0.0.0:8092" [_thread_blocked, id=5403, stack(0x00007fc593179000,0x00007fc59327a000)]
  0x00007fc5a0352800 JavaThread "qtp343682676-16 Selector1" [_thread_in_native, id=5402, stack(0x00007fc59327a000,0x00007fc59337b000)]
  0x00007fc5a0351000 JavaThread "qtp343682676-15 Selector0" [_thread_in_native, id=5401, stack(0x00007fc59337b000,0x00007fc59347c000)]
  0x00007fc534b3a800 JavaThread "MySQL Statement Cancellation Timer" daemon [_thread_blocked, id=5399, stack(0x00007fc59347c000,0x00007fc59357d000)]
  0x00007fc529605000 JavaThread "Timer-0" daemon [_thread_blocked, id=5398, stack(0x00007fc59357d000,0x00007fc59367e000)]
  0x00007fc5a00bc800 JavaThread "Service Thread" daemon [_thread_blocked, id=5395, stack(0x00007fc598099000,0x00007fc59819a000)]
  0x00007fc5a00ba000 JavaThread "C2 CompilerThread1" daemon [_thread_blocked, id=5394, stack(0x00007fc59819a000,0x00007fc59829b000)]
  0x00007fc5a00b7000 JavaThread "C2 CompilerThread0" daemon [_thread_blocked, id=5393, stack(0x00007fc59829b000,0x00007fc59839c000)]
  0x00007fc5a00b5000 JavaThread "JDWP Event Helper Thread" daemon [_thread_blocked, id=5392, stack(0x00007fc59839c000,0x00007fc59849d000)]
=>0x00007fc5a00b1000 JavaThread "JDWP Transport Listener: dt_socket" daemon [_thread_in_vm, id=5391, stack(0x00007fc59849d000,0x00007fc59859e000)]
  0x00007fc5a00a4000 JavaThread "Signal Dispatcher" daemon [_thread_blocked, id=5390, stack(0x00007fc5987a2000,0x00007fc5988a3000)]
  0x00007fc5a007c000 JavaThread "Finalizer" daemon [_thread_blocked, id=5388, stack(0x00007fc5988a3000,0x00007fc5989a4000)]
  0x00007fc5a007a000 JavaThread "Reference Handler" daemon [_thread_blocked, id=5387, stack(0x00007fc5989a4000,0x00007fc598aa5000)]
  0x00007fc5a000c800 JavaThread "main" [_thread_blocked, id=5377, stack(0x00007fc5a662a000,0x00007fc5a672b000)]

Other Threads:
  0x00007fc5a0075800 VMThread [stack: 0x00007fc598aa5000,0x00007fc598ba6000] [id=5386]
  0x00007fc5a00cf000 WatcherThread [stack: 0x00007fc593eff000,0x00007fc594000000] [id=5396]

VM state:not at safepoint (normal execution)

VM Mutex/Monitor currently owned by a thread: None

Heap
 PSYoungGen      total 531968K, used 0K [0x00000007d6a80000, 0x00000007ff180000, 0x0000000800000000)
  eden space 404480K, 0% used [0x00000007d6a80000,0x00000007d6a80150,0x00000007ef580000)
  from space 127488K, 0% used [0x00000007f7500000,0x00000007f7500000,0x00000007ff180000)
  to   space 129024K, 0% used [0x00000007ef580000,0x00000007ef580000,0x00000007f7380000)
 ParOldGen       total 368128K, used 27662K [0x0000000784000000, 0x000000079a780000, 0x00000007d6a80000)
  object space 368128K, 7% used [0x0000000784000000,0x0000000785b039c0,0x000000079a780000)
 PSPermGen       total 83968K, used 83967K [0x000000077ee00000, 0x0000000784000000, 0x0000000784000000)
  object space 83968K, 99% used [0x000000077ee00000,0x0000000783fffee8,0x0000000784000000)

Card table byte_map: [0x00007fc59b8bd000,0x00007fc59bcc7000] byte_map_base: 0x00007fc597cc6000

Polling page: 0x00007fc5a6746000

Code Cache  [0x00007fc59bcc7000, 0x00007fc59c187000, 0x00007fc59ecc7000)
 total_blobs=1718 nmethods=1255 adapters=422 free_code_cache=44458Kb largest_free_block=45408896

Compilation events (10 events):
Event: 247.915 Thread 0x00007fc5a00ba000 1519             java.lang.Character::isISOControl (5 bytes)
Event: 247.915 Thread 0x00007fc5a00b7000 1520             java.lang.Character::isISOControl (25 bytes)
Event: 247.916 Thread 0x00007fc5a00ba000 nmethod 1519 0x00007fc59c04cd50 code [0x00007fc59c04cea0, 0x00007fc59c04cf38]
Event: 247.916 Thread 0x00007fc5a00b7000 nmethod 1520 0x00007fc59c118150 code [0x00007fc59c1182a0, 0x00007fc59c118338]
Event: 247.916 Thread 0x00007fc5a00b7000 1521             org.eclipse.jetty.util.log.StdErrLog::escape (83 bytes)
Event: 247.919 Thread 0x00007fc5a00ba000 1522             java.io.UnixFileSystem::isAbsolute (13 bytes)
Event: 247.919 Thread 0x00007fc5a00ba000 nmethod 1522 0x00007fc59c117dd0 code [0x00007fc59c117f20, 0x00007fc59c117fd8]
Event: 247.919 Thread 0x00007fc5a00ba000 1523             java.io.UnixFileSystem::resolve (27 bytes)
Event: 247.920 Thread 0x00007fc5a00ba000 nmethod 1523 0x00007fc59c09f490 code [0x00007fc59c09f5e0, 0x00007fc59c09f6b8]
Event: 247.921 Thread 0x00007fc5a00b7000 nmethod 1521 0x00007fc59c1481d0 code [0x00007fc59c148380, 0x00007fc59c148928]

GC Heap History (10 events):
Event: 247.834 GC heap before
{Heap before GC invocations=41 (full 9):
 PSYoungGen      total 537088K, used 192K [0x00000007d6a80000, 0x00000007ffc80000, 0x0000000800000000)
  eden space 397824K, 0% used [0x00000007d6a80000,0x00000007d6a80000,0x00000007eef00000)
  from space 139264K, 0% used [0x00000007f7480000,0x00000007f74b0000,0x00000007ffc80000)
  to   space 136704K, 0% used [0x00000007eef00000,0x00000007eef00000,0x00000007f7480000)
 ParOldGen       total 218624K, used 27782K [0x0000000784000000, 0x0000000791580000, 0x00000007d6a80000)
  object space 218624K, 12% used [0x0000000784000000,0x0000000785b21988,0x0000000791580000)
 PSPermGen       total 83968K, used 83967K [0x000000077ee00000, 0x0000000784000000, 0x0000000784000000)
  object space 83968K, 99% used [0x000000077ee00000,0x0000000783ffff60,0x0000000784000000)
Event: 247.898 GC heap after
Heap after GC invocations=41 (full 9):
 PSYoungGen      total 537088K, used 0K [0x00000007d6a80000, 0x00000007ffc80000, 0x0000000800000000)
  eden space 397824K, 0% used [0x00000007d6a80000,0x00000007d6a80000,0x00000007eef00000)
  from space 139264K, 0% used [0x00000007f7480000,0x00000007f7480000,0x00000007ffc80000)
  to   space 136704K, 0% used [0x00000007eef00000,0x00000007eef00000,0x00000007f7480000)
 ParOldGen       total 260096K, used 27695K [0x0000000784000000, 0x0000000793e00000, 0x00000007d6a80000)
  object space 260096K, 10% used [0x0000000784000000,0x0000000785b0bec8,0x0000000793e00000)
 PSPermGen       total 83968K, used 83957K [0x000000077ee00000, 0x0000000784000000, 0x0000000784000000)
  object space 83968K, 99% used [0x000000077ee00000,0x0000000783ffd518,0x0000000784000000)
}
Event: 251.264 GC heap before
{Heap before GC invocations=42 (full 9):
 PSYoungGen      total 537088K, used 9702K [0x00000007d6a80000, 0x00000007ffc80000, 0x0000000800000000)
  eden space 397824K, 2% used [0x00000007d6a80000,0x00000007d73f98b0,0x00000007eef00000)
  from space 139264K, 0% used [0x00000007f7480000,0x00000007f7480000,0x00000007ffc80000)
  to   space 136704K, 0% used [0x00000007eef00000,0x00000007eef00000,0x00000007f7480000)
 ParOldGen       total 260096K, used 27695K [0x0000000784000000, 0x0000000793e00000, 0x00000007d6a80000)
  object space 260096K, 10% used [0x0000000784000000,0x0000000785b0bec8,0x0000000793e00000)
 PSPermGen       total 83968K, used 83967K [0x000000077ee00000, 0x0000000784000000, 0x0000000784000000)
  object space 83968K, 99% used [0x000000077ee00000,0x0000000783fffee8,0x0000000784000000)
Event: 251.266 GC heap after
Heap after GC invocations=42 (full 9):
 PSYoungGen      total 534528K, used 192K [0x00000007d6a80000, 0x00000007ff780000, 0x0000000800000000)
  eden space 397824K, 0% used [0x00000007d6a80000,0x00000007d6a80000,0x00000007eef00000)
  from space 136704K, 0% used [0x00000007eef00000,0x00000007eef30000,0x00000007f7480000)
  to   space 133632K, 0% used [0x00000007f7500000,0x00000007f7500000,0x00000007ff780000)
 ParOldGen       total 260096K, used 27695K [0x0000000784000000, 0x0000000793e00000, 0x00000007d6a80000)
  object space 260096K, 10% used [0x0000000784000000,0x0000000785b0bec8,0x0000000793e00000)
 PSPermGen       total 83968K, used 83967K [0x000000077ee00000, 0x0000000784000000, 0x0000000784000000)
  object space 83968K, 99% used [0x000000077ee00000,0x0000000783fffee8,0x0000000784000000)
}
Event: 251.266 GC heap before
{Heap before GC invocations=43 (full 10):
 PSYoungGen      total 534528K, used 192K [0x00000007d6a80000, 0x00000007ff780000, 0x0000000800000000)
  eden space 397824K, 0% used [0x00000007d6a80000,0x00000007d6a80000,0x00000007eef00000)
  from space 136704K, 0% used [0x00000007eef00000,0x00000007eef30000,0x00000007f7480000)
  to   space 133632K, 0% used [0x00000007f7500000,0x00000007f7500000,0x00000007ff780000)
 ParOldGen       total 260096K, used 27695K [0x0000000784000000, 0x0000000793e00000, 0x00000007d6a80000)
  object space 260096K, 10% used [0x0000000784000000,0x0000000785b0bec8,0x0000000793e00000)
 PSPermGen       total 83968K, used 83967K [0x000000077ee00000, 0x0000000784000000, 0x0000000784000000)
  object space 83968K, 99% used [0x000000077ee00000,0x0000000783fffee8,0x0000000784000000)
Event: 251.353 GC heap after
Heap after GC invocations=43 (full 10):
 PSYoungGen      total 534528K, used 0K [0x00000007d6a80000, 0x00000007ff780000, 0x0000000800000000)
  eden space 397824K, 0% used [0x00000007d6a80000,0x00000007d6a80000,0x00000007eef00000)
  from space 136704K, 0% used [0x00000007eef00000,0x00000007eef00000,0x00000007f7480000)
  to   space 133632K, 0% used [0x00000007f7500000,0x00000007f7500000,0x00000007ff780000)
 ParOldGen       total 311296K, used 27664K [0x0000000784000000, 0x0000000797000000, 0x00000007d6a80000)
  object space 311296K, 8% used [0x0000000784000000,0x0000000785b04188,0x0000000797000000)
 PSPermGen       total 83968K, used 83967K [0x000000077ee00000, 0x0000000784000000, 0x0000000784000000)
  object space 83968K, 99% used [0x000000077ee00000,0x0000000783fffee8,0x0000000784000000)
}
Event: 251.353 GC heap before
{Heap before GC invocations=44 (full 10):
 PSYoungGen      total 534528K, used 0K [0x00000007d6a80000, 0x00000007ff780000, 0x0000000800000000)
  eden space 397824K, 0% used [0x00000007d6a80000,0x00000007d6a80000,0x00000007eef00000)
  from space 136704K, 0% used [0x00000007eef00000,0x00000007eef00000,0x00000007f7480000)
  to   space 133632K, 0% used [0x00000007f7500000,0x00000007f7500000,0x00000007ff780000)
 ParOldGen       total 311296K, used 27664K [0x0000000784000000, 0x0000000797000000, 0x00000007d6a80000)
  object space 311296K, 8% used [0x0000000784000000,0x0000000785b04188,0x0000000797000000)
 PSPermGen       total 83968K, used 83967K [0x000000077ee00000, 0x0000000784000000, 0x0000000784000000)
  object space 83968K, 99% used [0x000000077ee00000,0x0000000783fffee8,0x0000000784000000)
Event: 251.358 GC heap after
Heap after GC invocations=44 (full 10):
 PSYoungGen      total 531968K, used 0K [0x00000007d6a80000, 0x00000007ff180000, 0x0000000800000000)
  eden space 404480K, 0% used [0x00000007d6a80000,0x00000007d6a80000,0x00000007ef580000)
  from space 127488K, 0% used [0x00000007f7500000,0x00000007f7500000,0x00000007ff180000)
  to   space 129024K, 0% used [0x00000007ef580000,0x00000007ef580000,0x00000007f7380000)
 ParOldGen       total 311296K, used 27664K [0x0000000784000000, 0x0000000797000000, 0x00000007d6a80000)
  object space 311296K, 8% used [0x0000000784000000,0x0000000785b04188,0x0000000797000000)
 PSPermGen       total 83968K, used 83967K [0x000000077ee00000, 0x0000000784000000, 0x0000000784000000)
  object space 83968K, 99% used [0x000000077ee00000,0x0000000783fffee8,0x0000000784000000)
}
Event: 251.358 GC heap before
{Heap before GC invocations=45 (full 11):
 PSYoungGen      total 531968K, used 0K [0x00000007d6a80000, 0x00000007ff180000, 0x0000000800000000)
  eden space 404480K, 0% used [0x00000007d6a80000,0x00000007d6a80000,0x00000007ef580000)
  from space 127488K, 0% used [0x00000007f7500000,0x00000007f7500000,0x00000007ff180000)
  to   space 129024K, 0% used [0x00000007ef580000,0x00000007ef580000,0x00000007f7380000)
 ParOldGen       total 311296K, used 27664K [0x0000000784000000, 0x0000000797000000, 0x00000007d6a80000)
  object space 311296K, 8% used [0x0000000784000000,0x0000000785b04188,0x0000000797000000)
 PSPermGen       total 83968K, used 83967K [0x000000077ee00000, 0x0000000784000000, 0x0000000784000000)
  object space 83968K, 99% used [0x000000077ee00000,0x0000000783fffee8,0x0000000784000000)
Event: 251.437 GC heap after
Heap after GC invocations=45 (full 11):
 PSYoungGen      total 531968K, used 0K [0x00000007d6a80000, 0x00000007ff180000, 0x0000000800000000)
  eden space 404480K, 0% used [0x00000007d6a80000,0x00000007d6a80000,0x00000007ef580000)
  from space 127488K, 0% used [0x00000007f7500000,0x00000007f7500000,0x00000007ff180000)
  to   space 129024K, 0% used [0x00000007ef580000,0x00000007ef580000,0x00000007f7380000)
 ParOldGen       total 368128K, used 27662K [0x0000000784000000, 0x000000079a780000, 0x00000007d6a80000)
  object space 368128K, 7% used [0x0000000784000000,0x0000000785b039c0,0x000000079a780000)
 PSPermGen       total 83968K, used 83967K [0x000000077ee00000, 0x0000000784000000, 0x0000000784000000)
  object space 83968K, 99% used [0x000000077ee00000,0x0000000783fffee8,0x0000000784000000)
}

Deoptimization events (10 events):
Event: 247.325 Thread 0x00007fc537806000 Uncommon trap: reason=unhandled action=none pc=0x00007fc59bf4d668 method=java.net.URLClassLoader$1.run()Ljava/lang/Class; @ 72
Event: 247.325 Thread 0x00007fc537806000 Uncommon trap: reason=unhandled action=none pc=0x00007fc59bf4d668 method=java.net.URLClassLoader$1.run()Ljava/lang/Class; @ 72
Event: 247.325 Thread 0x00007fc537806000 Uncommon trap: reason=unhandled action=none pc=0x00007fc59bf4d668 method=java.net.URLClassLoader$1.run()Ljava/lang/Class; @ 72
Event: 247.325 Thread 0x00007fc537806000 Uncommon trap: reason=unhandled action=none pc=0x00007fc59bf4d668 method=java.net.URLClassLoader$1.run()Ljava/lang/Class; @ 72
Event: 247.325 Thread 0x00007fc537806000 Uncommon trap: reason=unhandled action=none pc=0x00007fc59bf4d668 method=java.net.URLClassLoader$1.run()Ljava/lang/Class; @ 72
Event: 247.325 Thread 0x00007fc537806000 Uncommon trap: reason=unhandled action=none pc=0x00007fc59bf4d668 method=java.net.URLClassLoader$1.run()Ljava/lang/Class; @ 72
Event: 247.325 Thread 0x00007fc537806000 Uncommon trap: reason=unhandled action=none pc=0x00007fc59bf4d668 method=java.net.URLClassLoader$1.run()Ljava/lang/Class; @ 72
Event: 247.325 Thread 0x00007fc537806000 Uncommon trap: reason=unhandled action=none pc=0x00007fc59bf4d668 method=java.net.URLClassLoader$1.run()Ljava/lang/Class; @ 72
Event: 247.325 Thread 0x00007fc537806000 Uncommon trap: reason=unhandled action=none pc=0x00007fc59bf4d668 method=java.net.URLClassLoader$1.run()Ljava/lang/Class; @ 72
Event: 247.916 Thread 0x00007fc537806000 Uncommon trap: reason=unstable_if action=reinterpret pc=0x00007fc59bed5664 method=sun.nio.cs.UTF_8$Encoder.encodeArrayLoop(Ljava/nio/CharBuffer;Ljava/nio/ByteBuffer;)Ljava/nio/charset/CoderResult; @ 113

Internal exceptions (10 events):
Event: 247.325 Thread 0x00007fc537806000 Threw 0x00000007d6ae7bf0 at /HUDSON/workspace/7u-2-build-linux-amd64/jdk7u80/2061.nc/hotspot/src/share/vm/prims/jvm.cpp:1319
Event: 247.325 Thread 0x00007fc537806000 Threw 0x00000007d6aed008 at /HUDSON/workspace/7u-2-build-linux-amd64/jdk7u80/2061.nc/hotspot/src/share/vm/prims/jvm.cpp:1319
Event: 247.325 Thread 0x00007fc537806000 Threw 0x00000007d6aeed90 at /HUDSON/workspace/7u-2-build-linux-amd64/jdk7u80/2061.nc/hotspot/src/share/vm/prims/jvm.cpp:1319
Event: 247.325 Thread 0x00007fc537806000 Threw 0x00000007d6af20b0 at /HUDSON/workspace/7u-2-build-linux-amd64/jdk7u80/2061.nc/hotspot/src/share/vm/prims/jvm.cpp:1319
Event: 247.325 Thread 0x00007fc537806000 Threw 0x00000007d6af26c8 at /HUDSON/workspace/7u-2-build-linux-amd64/jdk7u80/2061.nc/hotspot/src/share/vm/prims/jvm.cpp:1319
Event: 247.325 Thread 0x00007fc537806000 Threw 0x00000007d6af2d08 at /HUDSON/workspace/7u-2-build-linux-amd64/jdk7u80/2061.nc/hotspot/src/share/vm/prims/jvm.cpp:1319
Event: 247.325 Thread 0x00007fc537806000 Threw 0x00000007d6af8100 at /HUDSON/workspace/7u-2-build-linux-amd64/jdk7u80/2061.nc/hotspot/src/share/vm/prims/jvm.cpp:1319
Event: 247.531 Thread 0x00007fc537806000 Threw 0x000000077eead638 at /HUDSON/workspace/7u-2-build-linux-amd64/jdk7u80/2061.nc/hotspot/src/share/vm/gc_interface/collectedHeap.inline.hpp:225
Event: 247.824 Thread 0x00007fc537806000 Threw 0x000000077eead638 at /HUDSON/workspace/7u-2-build-linux-amd64/jdk7u80/2061.nc/hotspot/src/share/vm/prims/jvm.cpp:1323
Event: 251.437 Thread 0x00007fc5a00b1000 Threw 0x000000077eead618 at /HUDSON/workspace/7u-2-build-linux-amd64/jdk7u80/2061.nc/hotspot/src/share/vm/gc_interface/collectedHeap.inline.hpp:225

Events (10 events):
Event: 247.824 Thread 0x00007fc537806000 DEOPT UNPACKING pc=0x00007fc59bd0020f sp=0x00007fc592b6f238 mode 1
Event: 247.824 Thread 0x00007fc537806000 DEOPT PACKING pc=0x00007fc59c153394 sp=0x00007fc592b70030
Event: 247.824 Thread 0x00007fc537806000 DEOPT UNPACKING pc=0x00007fc59bd0020f sp=0x00007fc592b6fd20 mode 1
Event: 247.825 Executing VM operation: ParallelGCFailedPermanentAllocation
Event: 247.898 Executing VM operation: ParallelGCFailedPermanentAllocation done
Event: 247.916 Thread 0x00007fc537806000 Uncommon trap: trap_request=0xffffff75 fr.pc=0x00007fc59bed5664
Event: 247.916 Thread 0x00007fc537806000 DEOPT PACKING pc=0x00007fc59bed5664 sp=0x00007fc592b71180
Event: 247.916 Thread 0x00007fc537806000 DEOPT UNPACKING pc=0x00007fc59bd00445 sp=0x00007fc592b71148 mode 2
Event: 251.264 Executing VM operation: ParallelGCFailedPermanentAllocation
Event: 251.437 Executing VM operation: ParallelGCFailedPermanentAllocation done


Dynamic libraries:
00400000-00401000 r-xp 00000000 08:02 37098185                           /home/yucheng-slave/Yummet/Webapp/tools/jdk/Linux/jdk1.7.0_80/bin/java
00600000-00601000 rw-p 00000000 08:02 37098185                           /home/yucheng-slave/Yummet/Webapp/tools/jdk/Linux/jdk1.7.0_80/bin/java
0128e000-012af000 rw-p 00000000 00:00 0                                  [heap]
77ee00000-784000000 rw-p 00000000 00:00 0 
784000000-79a780000 rw-p 00000000 00:00 0 
79a780000-7d6a80000 rw-p 00000000 00:00 0 
7d6a80000-7ff180000 rw-p 00000000 00:00 0 
7ff180000-800000000 ---p 00000000 00:00 0 
7fc4b8000000-7fc4b8021000 rw-p 00000000 00:00 0 
7fc4b8021000-7fc4bc000000 ---p 00000000 00:00 0 
7fc4c0000000-7fc4c0021000 rw-p 00000000 00:00 0 
7fc4c0021000-7fc4c4000000 ---p 00000000 00:00 0 
7fc4c4000000-7fc4c4021000 rw-p 00000000 00:00 0 
7fc4c4021000-7fc4c8000000 ---p 00000000 00:00 0 
7fc4c8000000-7fc4cbba7000 rw-p 00000000 00:00 0 
7fc4cbba7000-7fc4cc000000 ---p 00000000 00:00 0 
7fc4cc000000-7fc4cc021000 rw-p 00000000 00:00 0 
7fc4cc021000-7fc4d0000000 ---p 00000000 00:00 0 
7fc4d0000000-7fc4d0021000 rw-p 00000000 00:00 0 
7fc4d0021000-7fc4d4000000 ---p 00000000 00:00 0 
7fc4d4000000-7fc4d7ff9000 rw-p 00000000 00:00 0 
7fc4d7ff9000-7fc4d8000000 ---p 00000000 00:00 0 
7fc4d8000000-7fc4dbfff000 rw-p 00000000 00:00 0 
7fc4dbfff000-7fc4dc000000 ---p 00000000 00:00 0 
7fc4dc000000-7fc4dc021000 rw-p 00000000 00:00 0 
7fc4dc021000-7fc4e0000000 ---p 00000000 00:00 0 
7fc4e0000000-7fc4e3ffa000 rw-p 00000000 00:00 0 
7fc4e3ffa000-7fc4e4000000 ---p 00000000 00:00 0 
7fc4e4000000-7fc4e7ff9000 rw-p 00000000 00:00 0 
7fc4e7ff9000-7fc4e8000000 ---p 00000000 00:00 0 
7fc4e8000000-7fc4ebff9000 rw-p 00000000 00:00 0 
7fc4ebff9000-7fc4ec000000 ---p 00000000 00:00 0 
7fc4ec000000-7fc4efffa000 rw-p 00000000 00:00 0 
7fc4efffa000-7fc4f0000000 ---p 00000000 00:00 0 
7fc4f0000000-7fc4f0021000 rw-p 00000000 00:00 0 
7fc4f0021000-7fc4f4000000 ---p 00000000 00:00 0 
7fc4f4000000-7fc4f7ffa000 rw-p 00000000 00:00 0 
7fc4f7ffa000-7fc4f8000000 ---p 00000000 00:00 0 
7fc4f8000000-7fc4f8021000 rw-p 00000000 00:00 0 
7fc4f8021000-7fc4fc000000 ---p 00000000 00:00 0 
7fc4fc000000-7fc4ffffe000 rw-p 00000000 00:00 0 
7fc4ffffe000-7fc500000000 ---p 00000000 00:00 0 
7fc500000000-7fc50009d000 rw-p 00000000 00:00 0 
7fc50009d000-7fc504000000 ---p 00000000 00:00 0 
7fc504000000-7fc504021000 rw-p 00000000 00:00 0 
7fc504021000-7fc508000000 ---p 00000000 00:00 0 
7fc508000000-7fc508021000 rw-p 00000000 00:00 0 
7fc508021000-7fc50c000000 ---p 00000000 00:00 0 
7fc50c000000-7fc50c680000 rw-p 00000000 00:00 0 
7fc50c680000-7fc510000000 ---p 00000000 00:00 0 
7fc510000000-7fc510021000 rw-p 00000000 00:00 0 
7fc510021000-7fc514000000 ---p 00000000 00:00 0 
7fc514000000-7fc514021000 rw-p 00000000 00:00 0 
7fc514021000-7fc518000000 ---p 00000000 00:00 0 
7fc518000000-7fc518021000 rw-p 00000000 00:00 0 
7fc518021000-7fc51c000000 ---p 00000000 00:00 0 
7fc51c000000-7fc51c021000 rw-p 00000000 00:00 0 
7fc51c021000-7fc520000000 ---p 00000000 00:00 0 
7fc520000000-7fc520021000 rw-p 00000000 00:00 0 
7fc520021000-7fc524000000 ---p 00000000 00:00 0 
7fc524000000-7fc524021000 rw-p 00000000 00:00 0 
7fc524021000-7fc528000000 ---p 00000000 00:00 0 
7fc528000000-7fc52b8c8000 rw-p 00000000 00:00 0 
7fc52b8c8000-7fc52c000000 ---p 00000000 00:00 0 
7fc52c000000-7fc52c021000 rw-p 00000000 00:00 0 
7fc52c021000-7fc530000000 ---p 00000000 00:00 0 
7fc530000000-7fc533ffc000 rw-p 00000000 00:00 0 
7fc533ffc000-7fc534000000 ---p 00000000 00:00 0 
7fc534000000-7fc537ff9000 rw-p 00000000 00:00 0 
7fc537ff9000-7fc538000000 ---p 00000000 00:00 0 
7fc538000000-7fc538021000 rw-p 00000000 00:00 0 
7fc538021000-7fc53c000000 ---p 00000000 00:00 0 
7fc53c000000-7fc53c021000 rw-p 00000000 00:00 0 
7fc53c021000-7fc540000000 ---p 00000000 00:00 0 
7fc540000000-7fc541c2e000 rw-p 00000000 00:00 0 
7fc541c2e000-7fc544000000 ---p 00000000 00:00 0 
7fc544000000-7fc545739000 rw-p 00000000 00:00 0 
7fc545739000-7fc548000000 ---p 00000000 00:00 0 
7fc548000000-7fc5482bd000 rw-p 00000000 00:00 0 
7fc5482bd000-7fc54c000000 ---p 00000000 00:00 0 
7fc54c000000-7fc54c021000 rw-p 00000000 00:00 0 
7fc54c021000-7fc550000000 ---p 00000000 00:00 0 
7fc550000000-7fc550050000 rw-p 00000000 00:00 0 
7fc550050000-7fc554000000 ---p 00000000 00:00 0 
7fc554000000-7fc554021000 rw-p 00000000 00:00 0 
7fc554021000-7fc558000000 ---p 00000000 00:00 0 
7fc558000000-7fc558021000 rw-p 00000000 00:00 0 
7fc558021000-7fc55c000000 ---p 00000000 00:00 0 
7fc55ff70000-7fc564000000 rw-p 00000000 00:00 0 
7fc564000000-7fc564021000 rw-p 00000000 00:00 0 
7fc564021000-7fc568000000 ---p 00000000 00:00 0 
7fc568000000-7fc568111000 rw-p 00000000 00:00 0 
7fc568111000-7fc56c000000 ---p 00000000 00:00 0 
7fc56c000000-7fc56c021000 rw-p 00000000 00:00 0 
7fc56c021000-7fc570000000 ---p 00000000 00:00 0 
7fc574000000-7fc574030000 rw-p 00000000 00:00 0 
7fc574030000-7fc578000000 ---p 00000000 00:00 0 
7fc57c000000-7fc57c021000 rw-p 00000000 00:00 0 
7fc57c021000-7fc580000000 ---p 00000000 00:00 0 
7fc584000000-7fc584021000 rw-p 00000000 00:00 0 
7fc584021000-7fc588000000 ---p 00000000 00:00 0 
7fc588000000-7fc58802e000 rw-p 00000000 00:00 0 
7fc58802e000-7fc58c000000 ---p 00000000 00:00 0 
7fc58c000000-7fc58c029000 rw-p 00000000 00:00 0 
7fc58c029000-7fc590000000 ---p 00000000 00:00 0 
7fc59235e000-7fc59235f000 rw-p 00000000 00:00 0 
7fc59235f000-7fc592362000 ---p 00000000 00:00 0 
7fc592362000-7fc592460000 rw-p 00000000 00:00 0                          [stack:5566]
7fc592460000-7fc592463000 ---p 00000000 00:00 0 
7fc592463000-7fc592561000 rw-p 00000000 00:00 0                          [stack:5565]
7fc592561000-7fc592564000 ---p 00000000 00:00 0 
7fc592564000-7fc592662000 rw-p 00000000 00:00 0                          [stack:5525]
7fc592662000-7fc592665000 ---p 00000000 00:00 0 
7fc592665000-7fc592763000 rw-p 00000000 00:00 0                          [stack:5524]
7fc592763000-7fc592766000 ---p 00000000 00:00 0 
7fc592766000-7fc592864000 rw-p 00000000 00:00 0                          [stack:5518]
7fc592864000-7fc592867000 ---p 00000000 00:00 0 
7fc592867000-7fc592965000 rw-p 00000000 00:00 0                          [stack:5517]
7fc592965000-7fc592968000 ---p 00000000 00:00 0 
7fc592968000-7fc592a67000 rw-p 00000000 00:00 0                          [stack:5426]
7fc592a67000-7fc592a72000 r--s 0037c000 08:02 36966987                   /home/yucheng-slave/Yummet/Webapp/tools/jdk/Linux/jdk1.7.0_80/jre/lib/charsets.jar
7fc592a72000-7fc592a75000 ---p 00000000 00:00 0 
7fc592a75000-7fc592b73000 rw-p 00000000 00:00 0                          [stack:5410]
7fc592b73000-7fc592b76000 ---p 00000000 00:00 0 
7fc592b76000-7fc592c74000 rw-p 00000000 00:00 0                          [stack:5409]
7fc592c74000-7fc592c77000 ---p 00000000 00:00 0 
7fc592c77000-7fc592d75000 rw-p 00000000 00:00 0                          [stack:5408]
7fc592d75000-7fc592d78000 ---p 00000000 00:00 0 
7fc592d78000-7fc592e76000 rw-p 00000000 00:00 0                          [stack:5407]
7fc592e76000-7fc592e79000 ---p 00000000 00:00 0 
7fc592e79000-7fc592f77000 rw-p 00000000 00:00 0                          [stack:5406]
7fc592f77000-7fc592f7a000 ---p 00000000 00:00 0 
7fc592f7a000-7fc593078000 rw-p 00000000 00:00 0                          [stack:5405]
7fc593078000-7fc59307b000 ---p 00000000 00:00 0 
7fc59307b000-7fc593179000 rw-p 00000000 00:00 0                          [stack:5404]
7fc593179000-7fc59317c000 ---p 00000000 00:00 0 
7fc59317c000-7fc59327a000 rw-p 00000000 00:00 0                          [stack:5403]
7fc59327a000-7fc59327d000 ---p 00000000 00:00 0 
7fc59327d000-7fc59337b000 rw-p 00000000 00:00 0                          [stack:5402]
7fc59337b000-7fc59337e000 ---p 00000000 00:00 0 
7fc59337e000-7fc59347c000 rw-p 00000000 00:00 0                          [stack:5401]
7fc59347c000-7fc59347f000 ---p 00000000 00:00 0 
7fc59347f000-7fc59357d000 rw-p 00000000 00:00 0                          [stack:5399]
7fc59357d000-7fc593580000 ---p 00000000 00:00 0 
7fc593580000-7fc59367e000 rw-p 00000000 00:00 0                          [stack:5398]
7fc59367e000-7fc593681000 ---p 00000000 00:00 0 
7fc593681000-7fc59377f000 rw-p 00000000 00:00 0                          [stack:5625]
7fc59377f000-7fc593782000 r--s 0000b000 08:02 48234582                   /home/yucheng-slave/.m2/repository/javax/persistence/persistence-api/1.0.2/persistence-api-1.0.2.jar
7fc593782000-7fc59378c000 r--s 0005c000 08:02 48234542                   /home/yucheng-slave/.m2/repository/javax/servlet/jstl/1.2/jstl-1.2.jar
7fc59378c000-7fc59378d000 r--s 00000000 08:02 34213055                   /home/yucheng-slave/.m2/repository/javax/inject/javax.inject/1/javax.inject-1.jar
7fc59378d000-7fc593794000 r--s 00059000 08:02 48109706                   /home/yucheng-slave/.m2/repository/log4j/log4j/1.2.15/log4j-1.2.15.jar
7fc593794000-7fc593796000 r--s 00001000 08:02 48234533                   /home/yucheng-slave/.m2/repository/org/slf4j/slf4j-log4j12/1.7.5/slf4j-log4j12-1.7.5.jar
7fc593796000-7fc593798000 r--s 00003000 08:02 34869351                   /home/yucheng-slave/.m2/repository/org/slf4j/jcl-over-slf4j/1.7.5/jcl-over-slf4j-1.7.5.jar
7fc593798000-7fc59379d000 r--s 00019000 08:02 34213044                   /home/yucheng-slave/.m2/repository/org/aspectj/aspectjrt/1.7.4/aspectjrt-1.7.4.jar
7fc59379d000-7fc5937a4000 r--s 000a5000 08:02 32773453                   /home/yucheng-slave/.m2/repository/mysql/mysql-connector-java/5.1.6/mysql-connector-java-5.1.6.jar
7fc5937a4000-7fc5937a7000 r--s 00011000 08:02 48109225                   /home/yucheng-slave/.m2/repository/org/hibernate/common/hibernate-commons-annotations/4.0.1.Final/hibernate-commons-annotations-4.0.1.Final.jar
7fc5937a7000-7fc5937ac000 r--s 00015000 08:02 48109222                   /home/yucheng-slave/.m2/repository/org/hibernate/javax/persistence/hibernate-jpa-2.0-api/1.0.1.Final/hibernate-jpa-2.0-api-1.0.1.Final.jar
7fc5937ac000-7fc5937ad000 r--s 00002000 08:02 48109219                   /home/yucheng-slave/.m2/repository/org/jboss/spec/javax/transaction/jboss-transaction-api_1.1_spec/1.0.0.Final/jboss-transaction-api_1.1_spec-1.0.0.Final.jar
7fc5937ad000-7fc5937b6000 r--s 000a5000 08:02 32377793                   /home/yucheng-slave/.m2/repository/org/javassist/javassist/3.17.1-GA/javassist-3.17.1-GA.jar
7fc5937b6000-7fc5937b8000 r--s 0000d000 08:02 48109216                   /home/yucheng-slave/.m2/repository/org/jboss/logging/jboss-logging/3.1.0.GA/jboss-logging-3.1.0.GA.jar
7fc5937b8000-7fc5937bd000 r--s 00068000 08:02 32247355                   /home/yucheng-slave/.m2/repository/antlr/antlr/2.7.7/antlr-2.7.7.jar
7fc5937bd000-7fc59380b000 r--s 003ff000 08:02 48109213                   /home/yucheng-slave/.m2/repository/org/hibernate/hibernate-core/4.1.9.Final/hibernate-core-4.1.9.Final.jar
7fc59380b000-7fc593810000 r--s 00016000 08:02 45482804                   /home/yucheng-slave/.m2/repository/xml-apis/xml-apis/1.0.b2/xml-apis-1.0.b2.jar
7fc593810000-7fc593815000 r--s 00048000 08:02 32639323                   /home/yucheng-slave/.m2/repository/dom4j/dom4j/1.6.1/dom4j-1.6.1.jar
7fc593815000-7fc593817000 r--s 0000e000 08:02 48109207                   /home/yucheng-slave/.m2/repository/commons-pool/commons-pool/1.3/commons-pool-1.3.jar
7fc593817000-7fc593819000 r--s 0001c000 08:02 32112895                   /home/yucheng-slave/.m2/repository/commons-dbcp/commons-dbcp/1.2.2/commons-dbcp-1.2.2.jar
7fc593819000-7fc593820000 r--s 0003a000 08:02 48109421                   /home/yucheng-slave/.m2/repository/org/springframework/spring-tx/4.2.3.RELEASE/spring-tx-4.2.3.RELEASE.jar
7fc593820000-7fc59382a000 r--s 0005e000 08:02 48109204                   /home/yucheng-slave/.m2/repository/org/springframework/spring-jdbc/4.2.3.RELEASE/spring-jdbc-4.2.3.RELEASE.jar
7fc59382a000-7fc593834000 r--s 00068000 08:02 48109201                   /home/yucheng-slave/.m2/repository/org/springframework/spring-orm/4.2.3.RELEASE/spring-orm-4.2.3.RELEASE.jar
7fc593834000-7fc593836000 r--s 0000e000 08:02 36180827                   /home/yucheng-slave/.m2/repository/commons-logging/commons-logging/1.2/commons-logging-1.2.jar
7fc593836000-7fc59384b000 r--s 000f2000 08:02 33965245                   /home/yucheng-slave/.m2/repository/org/springframework/spring-core/4.2.3.RELEASE/spring-core-4.2.3.RELEASE.jar
7fc59384b000-7fc59384d000 r--s 00005000 08:02 34869123                   /home/yucheng-slave/.m2/repository/org/slf4j/slf4j-api/1.7.5/slf4j-api-1.7.5.jar
7fc59384d000-7fc593852000 r--s 0002e000 08:02 33556908                   /home/yucheng-slave/.m2/repository/asm/asm-all/3.3.1/asm-all-3.3.1.jar
7fc593852000-7fc593862000 r--s 0007c000 08:02 33965302                   /home/yucheng-slave/.m2/repository/joda-time/joda-time/2.1/joda-time-2.1.jar
7fc593862000-7fc593864000 r--s 00002000 08:02 33556905                   /home/yucheng-slave/.m2/repository/com/fatboyindustrial/gson-jodatime-serialisers/gson-jodatime-serialisers/1.0.0/gson-jodatime-serialisers-1.0.0.jar
7fc593864000-7fc593869000 r--s 0002f000 08:02 34345527                   /home/yucheng-slave/.m2/repository/com/google/code/gson/gson/2.3.1/gson-2.3.1.jar
7fc593869000-7fc59386a000 r--s 0000f000 08:02 32117170                   /home/yucheng-slave/.m2/repository/org/json/json/20141113/json-20141113.jar
7fc59386a000-7fc59386c000 r--s 00008000 08:02 32117163                   /home/yucheng-slave/.m2/repository/org/jvnet/mimepull/1.6/mimepull-1.6.jar
7fc59386c000-7fc59386e000 r--s 0000b000 08:02 37230273                   /home/yucheng-slave/.m2/repository/com/sun/jersey/contribs/jersey-multipart/1.10/jersey-multipart-1.10.jar
7fc59386e000-7fc59386f000 r--s 00007000 08:02 34214085                   /home/yucheng-slave/.m2/repository/org/codehaus/jackson/jackson-xc/1.8.3/jackson-xc-1.8.3.jar
7fc59386f000-7fc593870000 r--s 00004000 08:02 34214082                   /home/yucheng-slave/.m2/repository/org/codehaus/jackson/jackson-jaxrs/1.8.3/jackson-jaxrs-1.8.3.jar
7fc593870000-7fc593872000 r--s 0000e000 08:02 33556479                   /home/yucheng-slave/.m2/repository/javax/activation/activation/1.1/activation-1.1.jar
7fc593872000-7fc593874000 r--s 00004000 08:02 34341151                   /home/yucheng-slave/.m2/repository/javax/xml/stream/stax-api/1.0-2/stax-api-1.0-2.jar
7fc593874000-7fc593877000 r--s 00017000 08:02 33688349                   /home/yucheng-slave/.m2/repository/javax/xml/bind/jaxb-api/2.2.2/jaxb-api-2.2.2.jar
7fc593877000-7fc59388a000 r--s 000c7000 08:02 34345524                   /home/yucheng-slave/.m2/repository/com/sun/xml/bind/jaxb-impl/2.2.3-1/jaxb-impl-2.2.3-1.jar
7fc59388a000-7fc59388c000 r--s 00005000 08:02 45483900                   /home/yucheng-slave/.m2/repository/stax/stax-api/1.0.1/stax-api-1.0.1.jar
7fc59388c000-7fc59388e000 r--s 0000f000 08:02 32117149                   /home/yucheng-slave/.m2/repository/org/codehaus/jettison/jettison/1.1/jettison-1.1.jar
7fc59388e000-7fc593892000 r--s 00021000 08:02 33426925                   /home/yucheng-slave/.m2/repository/com/sun/jersey/jersey-json/1.10/jersey-json-1.10.jar
7fc593892000-7fc593895000 r--s 0001d000 08:02 33426922                   /home/yucheng-slave/.m2/repository/com/sun/jersey/jersey-client/1.10/jersey-client-1.10.jar
7fc593895000-7fc59389f000 r--s 00066000 08:02 33426919                   /home/yucheng-slave/.m2/repository/com/sun/jersey/jersey-core/1.9/jersey-core-1.9.jar
7fc59389f000-7fc5938a0000 r--s 0000a000 08:02 33424074                   /home/yucheng-slave/.m2/repository/asm/asm/3.1/asm-3.1.jar
7fc5938a0000-7fc5938b2000 r--s 0009d000 08:02 33426916                   /home/yucheng-slave/.m2/repository/com/sun/jersey/jersey-server/1.9/jersey-server-1.9.jar
7fc5938b2000-7fc5938b7000 r--s 000bc000 08:02 34213408                   /home/yucheng-slave/.m2/repository/org/jrobin/jrobin/1.5.9/jrobin-1.5.9.jar
7fc5938b7000-7fc5938b9000 r--s 00005000 08:02 33423915                   /home/yucheng-slave/.m2/repository/xpp3/xpp3_min/1.1.4c/xpp3_min-1.1.4c.jar
7fc5938b9000-7fc5938ba000 r--s 00001000 08:02 34868854                   /home/yucheng-slave/.m2/repository/xmlpull/xmlpull/1.1.3.1/xmlpull-1.1.3.1.jar
7fc5938ba000-7fc5938c6000 r--s 0006a000 08:02 33425505                   /home/yucheng-slave/.m2/repository/com/thoughtworks/xstream/xstream/1.4.2/xstream-1.4.2.jar
7fc5938c6000-7fc5938ca000 r--s 0002c000 08:02 34472530                   /home/yucheng-slave/.m2/repository/com/fasterxml/jackson/core/jackson-core/2.2.3/jackson-core-2.2.3.jar
7fc5938ca000-7fc5938cd000 r--s 00006000 08:02 34472527                   /home/yucheng-slave/.m2/repository/com/fasterxml/jackson/core/jackson-annotations/2.2.3/jackson-annotations-2.2.3.jar
7fc5938cd000-7fc5938de000 r--s 000c3000 08:02 34472524                   /home/yucheng-slave/.m2/repository/com/fasterxml/jackson/core/jackson-databind/2.2.3/jackson-databind-2.2.3.jar
7fc5938de000-7fc5938e2000 r--s 00034000 08:02 34212599                   /home/yucheng-slave/.m2/repository/org/codehaus/jackson/jackson-core-asl/1.9.5/jackson-core-asl-1.9.5.jar
7fc5938e2000-7fc5938f1000 r--s 000b0000 08:02 34212596                   /home/yucheng-slave/.m2/repository/org/codehaus/jackson/jackson-mapper-asl/1.9.5/jackson-mapper-asl-1.9.5.jar
7fc5938f1000-7fc593902000 r--s 000c5000 08:02 33965233                   /home/yucheng-slave/.m2/repository/org/springframework/spring-webmvc/4.2.3.RELEASE/spring-webmvc-4.2.3.RELEASE.jar
7fc593902000-7fc593907000 r--s 0003c000 08:02 34082821                   /home/yucheng-slave/.m2/repository/org/springframework/spring-expression/4.2.3.RELEASE/spring-expression-4.2.3.RELEASE.jar
7fc593907000-7fc593915000 r--s 000a5000 08:02 33965236                   /home/yucheng-slave/.m2/repository/org/springframework/spring-beans/4.2.3.RELEASE/spring-beans-4.2.3.RELEASE.jar
7fc593915000-7fc593917000 r--s 00000000 08:02 33950622                   /home/yucheng-slave/.m2/repository/aopalliance/aopalliance/1.0/aopalliance-1.0.jar
7fc593917000-7fc593920000 r--s 00052000 08:02 33965242                   /home/yucheng-slave/.m2/repository/org/springframework/spring-aop/4.2.3.RELEASE/spring-aop-4.2.3.RELEASE.jar
7fc593920000-7fc593938000 r--s 000f2000 08:02 33965239                   /home/yucheng-slave/.m2/repository/org/springframework/spring-context/4.2.3.RELEASE/spring-context-4.2.3.RELEASE.jar
7fc593938000-7fc593949000 r--s 000ab000 08:02 34082824                   /home/yucheng-slave/.m2/repository/org/springframework/spring-web/4.2.3.RELEASE/spring-web-4.2.3.RELEASE.jar
7fc593949000-7fc593953000 r--s 00251000 08:02 36964615                   /home/yucheng-slave/Yummet/Webapp/tools/jdk/Linux/jdk1.7.0_80/jre/lib/resources.jar
7fc593953000-7fc593956000 r--s 00019000 08:02 36964956                   /home/yucheng-slave/Yummet/Webapp/tools/jdk/Linux/jdk1.7.0_80/jre/lib/jce.jar
7fc593956000-7fc593965000 r--s 0019c000 08:02 34472296                   /home/yucheng-slave/.m2/repository/org/eclipse/jetty/orbit/org.eclipse.jdt.core/3.7.1/org.eclipse.jdt.core-3.7.1.jar
7fc593965000-7fc593968000 r--s 0001d000 08:02 34472295                   /home/yucheng-slave/.m2/repository/org/eclipse/jetty/orbit/com.sun.el/2.2.0.v201108011116/com.sun.el-2.2.0.v201108011116.jar
7fc593968000-7fc59396a000 r--s 0000b000 08:02 34472294                   /home/yucheng-slave/.m2/repository/org/eclipse/jetty/orbit/javax.el/2.2.0.v201108011116/javax.el-2.2.0.v201108011116.jar
7fc59396a000-7fc593972000 r--s 00061000 08:02 34472291                   /home/yucheng-slave/.m2/repository/org/eclipse/jetty/orbit/org.apache.taglibs.standard.glassfish/1.2.0.v201112081803/org.apache.taglibs.standard.glassfish-1.2.0.v201112081803.jar
7fc593972000-7fc593974000 r--s 0000b000 08:02 34472289                   /home/yucheng-slave/.m2/repository/org/eclipse/jetty/orbit/javax.servlet.jsp.jstl/1.2.0.v201105211821/javax.servlet.jsp.jstl-1.2.0.v201105211821.jar
7fc593974000-7fc59397b000 r--s 0008a000 08:02 34472288                   /home/yucheng-slave/.m2/repository/org/eclipse/jetty/orbit/org.apache.jasper.glassfish/2.2.2.v201112011158/org.apache.jasper.glassfish-2.2.2.v201112011158.jar
7fc59397b000-7fc59397e000 r--s 0002e000 08:02 34472285                   /home/yucheng-slave/.m2/repository/org/eclipse/jetty/orbit/javax.servlet/3.0.0.v201112011016/javax.servlet-3.0.0.v201112011016.jar
7fc59397e000-7fc593980000 r--s 00018000 08:02 34472260                   /home/yucheng-slave/.m2/repository/org/eclipse/jetty/orbit/javax.servlet.jsp/2.2.0.v201112011158/javax.servlet.jsp-2.2.0.v201112011158.jar
7fc593980000-7fc593981000 r--s 00000000 08:02 34472282                   /home/yucheng-slave/.m2/repository/org/eclipse/jetty/jetty-jsp/8.1.2.v20120308/jetty-jsp-8.1.2.v20120308.jar
7fc593981000-7fc593983000 r--s 00015000 08:02 34472279                   /home/yucheng-slave/.m2/repository/org/eclipse/jetty/jetty-http/8.1.2.v20120308/jetty-http-8.1.2.v20120308.jar
7fc593983000-7fc593985000 r--s 00017000 08:02 34472277                   /home/yucheng-slave/.m2/repository/org/eclipse/jetty/jetty-io/8.1.2.v20120308/jetty-io-8.1.2.v20120308.jar
7fc593985000-7fc593988000 r--s 0001c000 08:02 34472274                   /home/yucheng-slave/.m2/repository/org/eclipse/jetty/jetty-websocket/8.1.2.v20120308/jetty-websocket-8.1.2.v20120308.jar
7fc593988000-7fc59398d000 r--s 00032000 08:02 34472272                   /home/yucheng-slave/.m2/repository/org/eclipse/jetty/orbit/org.objectweb.asm/3.1.0.v200803061910/org.objectweb.asm-3.1.0.v200803061910.jar
7fc59398d000-7fc59398f000 r--s 00005000 08:02 34472271                   /home/yucheng-slave/.m2/repository/org/eclipse/jetty/orbit/javax.annotation/1.1.0.v201108011116/javax.annotation-1.1.0.v201108011116.jar
7fc59398f000-7fc593992000 r--s 00010000 08:02 34472270                   /home/yucheng-slave/.m2/repository/org/eclipse/jetty/jetty-annotations/8.1.2.v20120308/jetty-annotations-8.1.2.v20120308.jar
7fc593992000-7fc593993000 r--s 00005000 08:02 34472266                   /home/yucheng-slave/.m2/repository/org/eclipse/jetty/jetty-jmx/8.1.2.v20120308/jetty-jmx-8.1.2.v20120308.jar
7fc593993000-7fc593995000 r--s 0000c000 08:02 34472264                   /home/yucheng-slave/.m2/repository/org/eclipse/jetty/orbit/javax.activation/1.1.0.v201105071233/javax.activation-1.1.0.v201105071233.jar
7fc593995000-7fc59399b000 r--s 00072000 08:02 34472263                   /home/yucheng-slave/.m2/repository/org/eclipse/jetty/orbit/javax.mail.glassfish/1.4.1.v201005082020/javax.mail.glassfish-1.4.1.v201005082020.jar
7fc59399b000-7fc59399d000 r--s 00008000 08:02 34472261                   /home/yucheng-slave/.m2/repository/org/eclipse/jetty/jetty-jndi/8.1.2.v20120308/jetty-jndi-8.1.2.v20120308.jar
7fc59399d000-7fc59399f000 r--s 00006000 08:02 34472258                   /home/yucheng-slave/.m2/repository/org/eclipse/jetty/orbit/javax.transaction/1.1.1.v201105210645/javax.transaction-1.1.1.v201105210645.jar
7fc59399f000-7fc5939a1000 r--s 00013000 08:02 34472256                   /home/yucheng-slave/.m2/repository/org/eclipse/jetty/jetty-plus/8.1.2.v20120308/jetty-plus-8.1.2.v20120308.jar
7fc5939a1000-7fc5939a5000 r--s 0003a000 08:02 34472221                   /home/yucheng-slave/.m2/repository/net/sf/jtidy/jtidy/r938/jtidy-r938.jar
7fc5939a5000-7fc5939a7000 r--s 0000c000 08:02 34472228                   /home/yucheng-slave/.m2/repository/org/apache/maven/plugin-tools/maven-plugin-tools-api/2.9/maven-plugin-tools-api-2.9.jar
7fc5939a7000-7fc5939a9000 r--s 00002000 08:02 34344842                   /home/yucheng-slave/.m2/repository/org/sonatype/plexus/plexus-cipher/1.4/plexus-cipher-1.4.jar
7fc5939a9000-7fc5939aa000 r--s 00006000 08:02 34344833                   /home/yucheng-slave/.m2/repository/org/sonatype/plexus/plexus-sec-dispatcher/1.3/plexus-sec-dispatcher-1.3.jar
7fc5939aa000-7fc5939ac000 r--s 0000d000 08:02 34472249                   /home/yucheng-slave/.m2/repository/org/codehaus/plexus/plexus-interpolation/1.14/plexus-interpolation-1.14.jar
7fc5939ac000-7fc5939b0000 r--s 0001a000 08:02 34472248                   /home/yucheng-slave/.m2/repository/org/sonatype/aether/aether-util/1.11/aether-util-1.11.jar
7fc5939b0000-7fc5939b4000 r--s 00033000 08:02 34472227                   /home/yucheng-slave/.m2/repository/org/codehaus/plexus/plexus-utils/2.0.6/plexus-utils-2.0.6.jar
7fc5939b4000-7fc5939c0000 r--s 0006b000 08:02 34472222                   /home/yucheng-slave/.m2/repository/org/sonatype/sisu/sisu-guice/2.9.4/sisu-guice-2.9.4-no_aop.jar
7fc5939c0000-7fc5939c6000 r--s 00033000 08:02 34472220                   /home/yucheng-slave/.m2/repository/org/sonatype/sisu/sisu-inject-bean/2.1.1/sisu-inject-bean-2.1.1.jar
7fc5939c6000-7fc5939c8000 r--s 00004000 08:02 34472212                   /home/yucheng-slave/.m2/repository/org/eclipse/jetty/jetty-continuation/8.1.2.v20120308/jetty-continuation-8.1.2.v20120308.jar
7fc5939c8000-7fc5939cd000 r--s 0004c000 08:02 34344839                   /home/yucheng-slave/.m2/repository/org/eclipse/jetty/jetty-server/8.1.2.v20120308/jetty-server-8.1.2.v20120308.jar
7fc5939cd000-7fc5939d0000 r--s 00013000 08:02 34344836                   /home/yucheng-slave/.m2/repository/org/eclipse/jetty/jetty-security/8.1.2.v20120308/jetty-security-8.1.2.v20120308.jar
7fc5939d0000-7fc5939d2000 r--s 00016000 08:02 34344834                   /home/yucheng-slave/.m2/repository/org/eclipse/jetty/jetty-servlet/8.1.2.v20120308/jetty-servlet-8.1.2.v20120308.jar
7fc5939d2000-7fc5939d4000 r--s 00008000 08:02 34344832                   /home/yucheng-slave/.m2/repository/org/eclipse/jetty/jetty-xml/8.1.2.v20120308/jetty-xml-8.1.2.v20120308.jar
7fc5939d4000-7fc5939d7000 r--s 00018000 08:02 34344830                   /home/yucheng-slave/.m2/repository/org/eclipse/jetty/jetty-webapp/8.1.2.v20120308/jetty-webapp-8.1.2.v20120308.jar
7fc5939d7000-7fc5939dc000 r--s 0003d000 08:02 34344829                   /home/yucheng-slave/.m2/repository/org/eclipse/jetty/jetty-util/8.1.2.v20120308/jetty-util-8.1.2.v20120308.jar
7fc5939dc000-7fc5939de000 r--s 00010000 08:02 34341521                   /home/yucheng-slave/.m2/repository/org/mortbay/jetty/jetty-maven-plugin/8.1.2.v20120308/jetty-maven-plugin-8.1.2.v20120308.jar
7fc5939de000-7fc593a49000 r--s 00e21000 08:02 36833848                   /home/yucheng-slave/Yummet/Webapp/tools/jdk/Linux/jdk1.7.0_80/lib/tools.jar
7fc593a49000-7fc593a4c000 r--s 0001b000 08:02 34341484                   /home/yucheng-slave/.m2/repository/junit/junit/3.8.2/junit-3.8.2.jar
7fc593a4c000-7fc593a5a000 r--s 0008f000 08:02 34341481                   /home/yucheng-slave/.m2/repository/com/google/collections/google-collections/1.0/google-collections-1.0.jar
7fc593a5a000-7fc593a5b000 r--s 0000a000 08:02 34341478                   /home/yucheng-slave/.m2/repository/commons-logging/commons-logging-api/1.1/commons-logging-api-1.1.jar
7fc593a5b000-7fc593a62000 r--s 00051000 08:02 34341475                   /home/yucheng-slave/.m2/repository/log4j/log4j/1.2.12/log4j-1.2.12.jar
7fc593a62000-7fc593a66000 r--s 0001d000 08:02 34341472                   /home/yucheng-slave/.m2/repository/org/apache/xbean/xbean-reflect/3.4/xbean-reflect-3.4.jar
7fc593a66000-7fc593a68000 r--s 00000000 08:02 34341597                   /home/yucheng-slave/.m2/repository/org/codehaus/plexus/plexus-compiler-manager/2.4/plexus-compiler-manager-2.4.jar
7fc593a68000-7fc593a6a000 r--s 00005000 08:02 34341594                   /home/yucheng-slave/.m2/repository/org/codehaus/plexus/plexus-compiler-api/2.4/plexus-compiler-api-2.4.jar
7fc593a6a000-7fc593a6c000 r--s 00000000 08:02 34341460                   /home/yucheng-slave/.m2/repository/org/codehaus/plexus/plexus-component-annotations/1.5.5/plexus-component-annotations-1.5.5.jar
7fc593a6c000-7fc593a6e000 r--s 00002000 08:02 34341457                   /home/yucheng-slave/.m2/repository/org/apache/maven/shared/maven-shared-incremental/1.1/maven-shared-incremental-1.1.jar
7fc593a6e000-7fc593a70000 r--s 00006000 08:02 34341454                   /home/yucheng-slave/.m2/repository/com/google/code/findbugs/jsr305/2.0.1/jsr305-2.0.1.jar
7fc593a70000-7fc593a73000 r--s 00023000 08:02 34341451                   /home/yucheng-slave/.m2/repository/org/apache/maven/shared/maven-shared-utils/0.1/maven-shared-utils-0.1.jar
7fc593a73000-7fc593a77000 r--s 00030000 08:02 33292536                   /home/yucheng-slave/.m2/repository/org/codehaus/plexus/plexus-utils/1.5.1/plexus-utils-1.5.1.jar
7fc593a77000-7fc593a79000 r--s 0000a000 08:02 34341536                   /home/yucheng-slave/.m2/repository/org/apache/maven/plugins/maven-compiler-plugin/3.2/maven-compiler-plugin-3.2.jar
7fc593a79000-7fc593a7b000 r--s 0000d000 08:02 33424009                   /home/yucheng-slave/.m2/repository/org/codehaus/plexus/plexus-interpolation/1.13/plexus-interpolation-1.13.jar
7fc593a7b000-7fc593aac000 rw-p 00000000 00:00 0 
7fc593aac000-7fc593ac3000 r-xp 00000000 08:02 37359026                   /home/yucheng-slave/Yummet/Webapp/tools/jdk/Linux/jdk1.7.0_80/jre/lib/amd64/libnet.so
7fc593ac3000-7fc593cc2000 ---p 00017000 08:02 37359026                   /home/yucheng-slave/Yummet/Webapp/tools/jdk/Linux/jdk1.7.0_80/jre/lib/amd64/libnet.so
7fc593cc2000-7fc593cc3000 rw-p 00016000 08:02 37359026                   /home/yucheng-slave/Yummet/Webapp/tools/jdk/Linux/jdk1.7.0_80/jre/lib/amd64/libnet.so
7fc593cc3000-7fc593cd3000 r-xp 00000000 08:02 37359033                   /home/yucheng-slave/Yummet/Webapp/tools/jdk/Linux/jdk1.7.0_80/jre/lib/amd64/libnio.so
7fc593cd3000-7fc593ed3000 ---p 00010000 08:02 37359033                   /home/yucheng-slave/Yummet/Webapp/tools/jdk/Linux/jdk1.7.0_80/jre/lib/amd64/libnio.so
7fc593ed3000-7fc593ed4000 rw-p 00010000 08:02 37359033                   /home/yucheng-slave/Yummet/Webapp/tools/jdk/Linux/jdk1.7.0_80/jre/lib/amd64/libnio.so
7fc593ed4000-7fc593eff000 r--s 001fc000 08:02 32509698                   /home/yucheng-slave/workspace/tools/apache-maven-3.3.1/lib/guava-18.0.jar
7fc593eff000-7fc593f00000 ---p 00000000 00:00 0 
7fc593f00000-7fc594000000 rw-p 00000000 00:00 0                          [stack:5396]
7fc594000000-7fc594021000 rw-p 00000000 00:00 0 
7fc594021000-7fc598000000 ---p 00000000 00:00 0 
7fc598000000-7fc598001000 r--s 00004000 08:02 34341600                   /home/yucheng-slave/.m2/repository/org/codehaus/plexus/plexus-compiler-javac/2.4/plexus-compiler-javac-2.4.jar
7fc598001000-7fc598002000 r--s 00001000 08:02 33424006                   /home/yucheng-slave/.m2/repository/org/sonatype/plexus/plexus-build-api/0.0.4/plexus-build-api-0.0.4.jar
7fc598002000-7fc598004000 r--s 00009000 08:02 33424003                   /home/yucheng-slave/.m2/repository/org/apache/maven/shared/maven-filtering/1.1/maven-filtering-1.1.jar
7fc598004000-7fc598008000 r--s 00033000 08:02 33424000                   /home/yucheng-slave/.m2/repository/org/codehaus/plexus/plexus-utils/2.0.5/plexus-utils-2.0.5.jar
7fc598008000-7fc59800b000 r--s 0001b000 08:02 33423697                   /home/yucheng-slave/.m2/repository/junit/junit/3.8.1/junit-3.8.1.jar
7fc59800b000-7fc59800d000 r--s 00002000 08:02 33423897                   /home/yucheng-slave/.m2/repository/org/codehaus/plexus/plexus-interactivity-api/1.0-alpha-4/plexus-interactivity-api-1.0-alpha-4.jar
7fc59800d000-7fc59800f000 r--s 00006000 08:02 33423894                   /home/yucheng-slave/.m2/repository/commons-cli/commons-cli/1.0/commons-cli-1.0.jar
7fc59800f000-7fc598010000 r--s 00001000 08:02 33423891                   /home/yucheng-slave/.m2/repository/org/apache/maven/doxia/doxia-sink-api/1.0-alpha-7/doxia-sink-api-1.0-alpha-7.jar
7fc598010000-7fc598011000 r--s 00002000 08:02 33423888                   /home/yucheng-slave/.m2/repository/org/apache/maven/reporting/maven-reporting-api/2.0.6/maven-reporting-api-2.0.6.jar
7fc598011000-7fc598013000 r--s 00006000 08:02 32114066                   /home/yucheng-slave/.m2/repository/org/apache/maven/plugins/maven-resources-plugin/2.6/maven-resources-plugin-2.6.jar
7fc598013000-7fc598017000 r--s 00034000 08:02 33423685                   /home/yucheng-slave/.m2/repository/org/codehaus/plexus/plexus-utils/3.0/plexus-utils-3.0.jar
7fc598017000-7fc598019000 r--s 00005000 08:02 32114022                   /home/yucheng-slave/.m2/repository/org/apache/maven/plugins/maven-clean-plugin/2.5/maven-clean-plugin-2.5.jar
7fc598019000-7fc59801d000 r--s 0008b000 08:02 36967021                   /home/yucheng-slave/Yummet/Webapp/tools/jdk/Linux/jdk1.7.0_80/jre/lib/jsse.jar
7fc59801d000-7fc598020000 r--s 00013000 08:02 32509682                   /home/yucheng-slave/workspace/tools/apache-maven-3.3.1/lib/maven-embedder-3.3.1.jar
7fc598020000-7fc598022000 r--s 00009000 08:02 32509676                   /home/yucheng-slave/workspace/tools/apache-maven-3.3.1/lib/maven-settings-3.3.1.jar
7fc598022000-7fc59802f000 r--s 0008e000 08:02 32509647                   /home/yucheng-slave/workspace/tools/apache-maven-3.3.1/lib/maven-core-3.3.1.jar
7fc59802f000-7fc598030000 r--s 00008000 08:02 32509683                   /home/yucheng-slave/workspace/tools/apache-maven-3.3.1/lib/aether-connector-basic-1.0.2.v20150114.jar
7fc598030000-7fc598032000 r--s 00000000 08:02 32509706                   /home/yucheng-slave/workspace/tools/apache-maven-3.3.1/lib/aopalliance-1.0.jar
7fc598032000-7fc598033000 r--s 00002000 08:02 32509654                   /home/yucheng-slave/workspace/tools/apache-maven-3.3.1/lib/wagon-file-2.8.jar
7fc598033000-7fc598061000 r--s 001fa000 08:02 32509699                   /home/yucheng-slave/workspace/tools/apache-maven-3.3.1/lib/wagon-http-2.8-shaded.jar
7fc598061000-7fc598068000 r--s 00055000 08:02 32509655                   /home/yucheng-slave/workspace/tools/apache-maven-3.3.1/lib/org.eclipse.sisu.inject-0.3.0.jar
7fc598068000-7fc59806a000 r--s 0000a000 08:02 32509656                   /home/yucheng-slave/workspace/tools/apache-maven-3.3.1/lib/maven-plugin-api-3.3.1.jar
7fc59806a000-7fc59806b000 r--s 00002000 08:02 32509672                   /home/yucheng-slave/workspace/tools/apache-maven-3.3.1/lib/slf4j-simple-1.7.5.jar
7fc59806b000-7fc59806d000 r--s 00005000 08:02 32509659                   /home/yucheng-slave/workspace/tools/apache-maven-3.3.1/lib/aether-transport-wagon-1.0.2.v20150114.jar
7fc59806d000-7fc59806f000 r--s 00005000 08:02 32509658                   /home/yucheng-slave/workspace/tools/apache-maven-3.3.1/lib/slf4j-api-1.7.5.jar
7fc59806f000-7fc598072000 r--s 00025000 08:02 32509653                   /home/yucheng-slave/workspace/tools/apache-maven-3.3.1/lib/maven-model-3.3.1.jar
7fc598072000-7fc598074000 r--s 00002000 08:02 32509704                   /home/yucheng-slave/workspace/tools/apache-maven-3.3.1/lib/plexus-cipher-1.7.jar
7fc598074000-7fc598075000 r--s 00000000 08:02 32509715                   /home/yucheng-slave/workspace/tools/apache-maven-3.3.1/lib/javax.inject-1.jar
7fc598075000-7fc598079000 r--s 00020000 08:02 32509707                   /home/yucheng-slave/workspace/tools/apache-maven-3.3.1/lib/aether-util-1.0.2.v20150114.jar
7fc598079000-7fc59807d000 r--s 00038000 08:02 32509663                   /home/yucheng-slave/workspace/tools/apache-maven-3.3.1/lib/plexus-utils-3.0.20.jar
7fc59807d000-7fc598083000 r--s 00042000 08:02 32509657                   /home/yucheng-slave/workspace/tools/apache-maven-3.3.1/lib/jsoup-1.7.2.jar
7fc598083000-7fc59808c000 r--s 00059000 08:02 32509684                   /home/yucheng-slave/workspace/tools/apache-maven-3.3.1/lib/sisu-guice-3.2.5-no_aop.jar
7fc59808c000-7fc59808f000 r--s 0000d000 08:02 32509709                   /home/yucheng-slave/workspace/tools/apache-maven-3.3.1/lib/plexus-interpolation-1.21.jar
7fc59808f000-7fc598094000 r--s 00041000 08:02 32509685                   /home/yucheng-slave/workspace/tools/apache-maven-3.3.1/lib/commons-lang-2.6.jar
7fc598094000-7fc598099000 r--s 00027000 08:02 32509652                   /home/yucheng-slave/workspace/tools/apache-maven-3.3.1/lib/maven-model-builder-3.3.1.jar
7fc598099000-7fc59809c000 ---p 00000000 00:00 0 
7fc59809c000-7fc59819a000 rw-p 00000000 00:00 0                          [stack:5395]
7fc59819a000-7fc59819d000 ---p 00000000 00:00 0 
7fc59819d000-7fc59829b000 rw-p 00000000 00:00 0                          [stack:5394]
7fc59829b000-7fc59829e000 ---p 00000000 00:00 0 
7fc59829e000-7fc59839c000 rw-p 00000000 00:00 0                          [stack:5393]
7fc59839c000-7fc59839f000 ---p 00000000 00:00 0 
7fc59839f000-7fc59849d000 rw-p 00000000 00:00 0                          [stack:5392]
7fc59849d000-7fc5984a0000 ---p 00000000 00:00 0 
7fc5984a0000-7fc59859e000 rw-p 00000000 00:00 0                          [stack:5391]
7fc59859e000-7fc5985a2000 r-xp 00000000 08:02 37358987                   /home/yucheng-slave/Yummet/Webapp/tools/jdk/Linux/jdk1.7.0_80/jre/lib/amd64/libdt_socket.so
7fc5985a2000-7fc5987a1000 ---p 00004000 08:02 37358987                   /home/yucheng-slave/Yummet/Webapp/tools/jdk/Linux/jdk1.7.0_80/jre/lib/amd64/libdt_socket.so
7fc5987a1000-7fc5987a2000 rw-p 00003000 08:02 37358987                   /home/yucheng-slave/Yummet/Webapp/tools/jdk/Linux/jdk1.7.0_80/jre/lib/amd64/libdt_socket.so
7fc5987a2000-7fc5987a5000 ---p 00000000 00:00 0 
7fc5987a5000-7fc5988a3000 rw-p 00000000 00:00 0                          [stack:5390]
7fc5988a3000-7fc5988a6000 ---p 00000000 00:00 0 
7fc5988a6000-7fc5989a4000 rw-p 00000000 00:00 0                          [stack:5388]
7fc5989a4000-7fc5989a7000 ---p 00000000 00:00 0 
7fc5989a7000-7fc598aa5000 rw-p 00000000 00:00 0                          [stack:5387]
7fc598aa5000-7fc598aa6000 ---p 00000000 00:00 0 
7fc598aa6000-7fc59a835000 rw-p 00000000 00:00 0                          [stack:5386]
7fc59a835000-7fc59a9f5000 r--s 039f4000 08:02 36964875                   /home/yucheng-slave/Yummet/Webapp/tools/jdk/Linux/jdk1.7.0_80/jre/lib/rt.jar
7fc59a9f5000-7fc59af20000 rw-p 00000000 00:00 0 
7fc59af20000-7fc59af21000 ---p 00000000 00:00 0 
7fc59af21000-7fc59b021000 rw-p 00000000 00:00 0                          [stack:5385]
7fc59b021000-7fc59b022000 ---p 00000000 00:00 0 
7fc59b022000-7fc59b122000 rw-p 00000000 00:00 0                          [stack:5384]
7fc59b122000-7fc59b123000 ---p 00000000 00:00 0 
7fc59b123000-7fc59b223000 rw-p 00000000 00:00 0                          [stack:5383]
7fc59b223000-7fc59b224000 ---p 00000000 00:00 0 
7fc59b224000-7fc59b324000 rw-p 00000000 00:00 0                          [stack:5382]
7fc59b324000-7fc59b325000 ---p 00000000 00:00 0 
7fc59b325000-7fc59b425000 rw-p 00000000 00:00 0                          [stack:5381]
7fc59b425000-7fc59b426000 ---p 00000000 00:00 0 
7fc59b426000-7fc59b526000 rw-p 00000000 00:00 0                          [stack:5380]
7fc59b526000-7fc59b527000 ---p 00000000 00:00 0 
7fc59b527000-7fc59b6db000 rw-p 00000000 00:00 0                          [stack:5379]
7fc59b6db000-7fc59b8bd000 rw-p 00000000 00:00 0 
7fc59b8bd000-7fc59b8e6000 rw-p 00000000 00:00 0 
7fc59b8e6000-7fc59b99a000 rw-p 00000000 00:00 0 
7fc59b99a000-7fc59bb7b000 rw-p 00000000 00:00 0 
7fc59bb7b000-7fc59bcbf000 rw-p 00000000 00:00 0 
7fc59bcbf000-7fc59bcc6000 ---p 00000000 00:00 0 
7fc59bcc6000-7fc59bcc7000 rw-p 00000000 00:00 0 
7fc59bcc7000-7fc59c187000 rwxp 00000000 00:00 0 
7fc59c187000-7fc59ecc7000 rw-p 00000000 00:00 0 
7fc59ecc7000-7fc59ecde000 r-xp 00000000 08:02 37359042                   /home/yucheng-slave/Yummet/Webapp/tools/jdk/Linux/jdk1.7.0_80/jre/lib/amd64/libzip.so
7fc59ecde000-7fc59eede000 ---p 00017000 08:02 37359042                   /home/yucheng-slave/Yummet/Webapp/tools/jdk/Linux/jdk1.7.0_80/jre/lib/amd64/libzip.so
7fc59eede000-7fc59eedf000 rw-p 00017000 08:02 37359042                   /home/yucheng-slave/Yummet/Webapp/tools/jdk/Linux/jdk1.7.0_80/jre/lib/amd64/libzip.so
7fc59eedf000-7fc59eeea000 r-xp 00000000 08:02 7078117                    /lib/x86_64-linux-gnu/libnss_files-2.19.so
7fc59eeea000-7fc59f0e9000 ---p 0000b000 08:02 7078117                    /lib/x86_64-linux-gnu/libnss_files-2.19.so
7fc59f0e9000-7fc59f0ea000 r--p 0000a000 08:02 7078117                    /lib/x86_64-linux-gnu/libnss_files-2.19.so
7fc59f0ea000-7fc59f0eb000 rw-p 0000b000 08:02 7078117                    /lib/x86_64-linux-gnu/libnss_files-2.19.so
7fc59f0eb000-7fc59f0f6000 r-xp 00000000 08:02 7078155                    /lib/x86_64-linux-gnu/libnss_nis-2.19.so
7fc59f0f6000-7fc59f2f5000 ---p 0000b000 08:02 7078155                    /lib/x86_64-linux-gnu/libnss_nis-2.19.so
7fc59f2f5000-7fc59f2f6000 r--p 0000a000 08:02 7078155                    /lib/x86_64-linux-gnu/libnss_nis-2.19.so
7fc59f2f6000-7fc59f2f7000 rw-p 0000b000 08:02 7078155                    /lib/x86_64-linux-gnu/libnss_nis-2.19.so
7fc59f2f7000-7fc59f30e000 r-xp 00000000 08:02 7078135                    /lib/x86_64-linux-gnu/libnsl-2.19.so
7fc59f30e000-7fc59f50d000 ---p 00017000 08:02 7078135                    /lib/x86_64-linux-gnu/libnsl-2.19.so
7fc59f50d000-7fc59f50e000 r--p 00016000 08:02 7078135                    /lib/x86_64-linux-gnu/libnsl-2.19.so
7fc59f50e000-7fc59f50f000 rw-p 00017000 08:02 7078135                    /lib/x86_64-linux-gnu/libnsl-2.19.so
7fc59f50f000-7fc59f511000 rw-p 00000000 00:00 0 
7fc59f511000-7fc59f51a000 r-xp 00000000 08:02 7078133                    /lib/x86_64-linux-gnu/libnss_compat-2.19.so
7fc59f51a000-7fc59f719000 ---p 00009000 08:02 7078133                    /lib/x86_64-linux-gnu/libnss_compat-2.19.so
7fc59f719000-7fc59f71a000 r--p 00008000 08:02 7078133                    /lib/x86_64-linux-gnu/libnss_compat-2.19.so
7fc59f71a000-7fc59f71b000 rw-p 00009000 08:02 7078133                    /lib/x86_64-linux-gnu/libnss_compat-2.19.so
7fc59f71b000-7fc59fdfd000 r--p 00000000 08:02 37493252                   /usr/lib/locale/locale-archive
7fc59fdfd000-7fc59fdff000 r-xp 00000000 08:02 37359035                   /home/yucheng-slave/Yummet/Webapp/tools/jdk/Linux/jdk1.7.0_80/jre/lib/amd64/libnpt.so
7fc59fdff000-7fc59ffff000 ---p 00002000 08:02 37359035                   /home/yucheng-slave/Yummet/Webapp/tools/jdk/Linux/jdk1.7.0_80/jre/lib/amd64/libnpt.so
7fc59ffff000-7fc5a0000000 rw-p 00002000 08:02 37359035                   /home/yucheng-slave/Yummet/Webapp/tools/jdk/Linux/jdk1.7.0_80/jre/lib/amd64/libnpt.so
7fc5a0000000-7fc5a3fff000 rw-p 00000000 00:00 0 
7fc5a3fff000-7fc5a4000000 ---p 00000000 00:00 0 
7fc5a4000000-7fc5a4005000 r--s 0001d000 08:02 32509669                   /home/yucheng-slave/workspace/tools/apache-maven-3.3.1/lib/aether-api-1.0.2.v20150114.jar
7fc5a4005000-7fc5a4006000 ---p 00000000 00:00 0 
7fc5a4006000-7fc5a412f000 rw-p 00000000 00:00 0                          [stack:5378]
7fc5a412f000-7fc5a4168000 r-xp 00000000 08:02 37359012                   /home/yucheng-slave/Yummet/Webapp/tools/jdk/Linux/jdk1.7.0_80/jre/lib/amd64/libjdwp.so
7fc5a4168000-7fc5a4368000 ---p 00039000 08:02 37359012                   /home/yucheng-slave/Yummet/Webapp/tools/jdk/Linux/jdk1.7.0_80/jre/lib/amd64/libjdwp.so
7fc5a4368000-7fc5a4369000 rw-p 00039000 08:02 37359012                   /home/yucheng-slave/Yummet/Webapp/tools/jdk/Linux/jdk1.7.0_80/jre/lib/amd64/libjdwp.so
7fc5a4369000-7fc5a436a000 rw-p 00000000 00:00 0 
7fc5a436a000-7fc5a4393000 r-xp 00000000 08:02 37359006                   /home/yucheng-slave/Yummet/Webapp/tools/jdk/Linux/jdk1.7.0_80/jre/lib/amd64/libjava.so
7fc5a4393000-7fc5a4593000 ---p 00029000 08:02 37359006                   /home/yucheng-slave/Yummet/Webapp/tools/jdk/Linux/jdk1.7.0_80/jre/lib/amd64/libjava.so
7fc5a4593000-7fc5a4595000 rw-p 00029000 08:02 37359006                   /home/yucheng-slave/Yummet/Webapp/tools/jdk/Linux/jdk1.7.0_80/jre/lib/amd64/libjava.so
7fc5a4595000-7fc5a45a2000 r-xp 00000000 08:02 37359038                   /home/yucheng-slave/Yummet/Webapp/tools/jdk/Linux/jdk1.7.0_80/jre/lib/amd64/libverify.so
7fc5a45a2000-7fc5a47a1000 ---p 0000d000 08:02 37359038                   /home/yucheng-slave/Yummet/Webapp/tools/jdk/Linux/jdk1.7.0_80/jre/lib/amd64/libverify.so
7fc5a47a1000-7fc5a47a3000 rw-p 0000c000 08:02 37359038                   /home/yucheng-slave/Yummet/Webapp/tools/jdk/Linux/jdk1.7.0_80/jre/lib/amd64/libverify.so
7fc5a47a3000-7fc5a47aa000 r-xp 00000000 08:02 7078151                    /lib/x86_64-linux-gnu/librt-2.19.so
7fc5a47aa000-7fc5a49a9000 ---p 00007000 08:02 7078151                    /lib/x86_64-linux-gnu/librt-2.19.so
7fc5a49a9000-7fc5a49aa000 r--p 00006000 08:02 7078151                    /lib/x86_64-linux-gnu/librt-2.19.so
7fc5a49aa000-7fc5a49ab000 rw-p 00007000 08:02 7078151                    /lib/x86_64-linux-gnu/librt-2.19.so
7fc5a49ab000-7fc5a4ab0000 r-xp 00000000 08:02 7078115                    /lib/x86_64-linux-gnu/libm-2.19.so
7fc5a4ab0000-7fc5a4caf000 ---p 00105000 08:02 7078115                    /lib/x86_64-linux-gnu/libm-2.19.so
7fc5a4caf000-7fc5a4cb0000 r--p 00104000 08:02 7078115                    /lib/x86_64-linux-gnu/libm-2.19.so
7fc5a4cb0000-7fc5a4cb1000 rw-p 00105000 08:02 7078115                    /lib/x86_64-linux-gnu/libm-2.19.so
7fc5a4cb1000-7fc5a5827000 r-xp 00000000 08:02 44042122                   /home/yucheng-slave/Yummet/Webapp/tools/jdk/Linux/jdk1.7.0_80/jre/lib/amd64/server/libjvm.so
7fc5a5827000-7fc5a5a26000 ---p 00b76000 08:02 44042122                   /home/yucheng-slave/Yummet/Webapp/tools/jdk/Linux/jdk1.7.0_80/jre/lib/amd64/server/libjvm.so
7fc5a5a26000-7fc5a5aea000 rw-p 00b75000 08:02 44042122                   /home/yucheng-slave/Yummet/Webapp/tools/jdk/Linux/jdk1.7.0_80/jre/lib/amd64/server/libjvm.so
7fc5a5aea000-7fc5a5b2b000 rw-p 00000000 00:00 0 
7fc5a5b2b000-7fc5a5ce6000 r-xp 00000000 08:02 7078145                    /lib/x86_64-linux-gnu/libc-2.19.so
7fc5a5ce6000-7fc5a5ee5000 ---p 001bb000 08:02 7078145                    /lib/x86_64-linux-gnu/libc-2.19.so
7fc5a5ee5000-7fc5a5ee9000 r--p 001ba000 08:02 7078145                    /lib/x86_64-linux-gnu/libc-2.19.so
7fc5a5ee9000-7fc5a5eeb000 rw-p 001be000 08:02 7078145                    /lib/x86_64-linux-gnu/libc-2.19.so
7fc5a5eeb000-7fc5a5ef0000 rw-p 00000000 00:00 0 
7fc5a5ef0000-7fc5a5ef3000 r-xp 00000000 08:02 7078123                    /lib/x86_64-linux-gnu/libdl-2.19.so
7fc5a5ef3000-7fc5a60f2000 ---p 00003000 08:02 7078123                    /lib/x86_64-linux-gnu/libdl-2.19.so
7fc5a60f2000-7fc5a60f3000 r--p 00002000 08:02 7078123                    /lib/x86_64-linux-gnu/libdl-2.19.so
7fc5a60f3000-7fc5a60f4000 rw-p 00003000 08:02 7078123                    /lib/x86_64-linux-gnu/libdl-2.19.so
7fc5a60f4000-7fc5a6109000 r-xp 00000000 08:02 44172276                   /home/yucheng-slave/Yummet/Webapp/tools/jdk/Linux/jdk1.7.0_80/lib/amd64/jli/libjli.so
7fc5a6109000-7fc5a6308000 ---p 00015000 08:02 44172276                   /home/yucheng-slave/Yummet/Webapp/tools/jdk/Linux/jdk1.7.0_80/lib/amd64/jli/libjli.so
7fc5a6308000-7fc5a6309000 rw-p 00014000 08:02 44172276                   /home/yucheng-slave/Yummet/Webapp/tools/jdk/Linux/jdk1.7.0_80/lib/amd64/jli/libjli.so
7fc5a6309000-7fc5a6322000 r-xp 00000000 08:02 7078147                    /lib/x86_64-linux-gnu/libpthread-2.19.so
7fc5a6322000-7fc5a6521000 ---p 00019000 08:02 7078147                    /lib/x86_64-linux-gnu/libpthread-2.19.so
7fc5a6521000-7fc5a6522000 r--p 00018000 08:02 7078147                    /lib/x86_64-linux-gnu/libpthread-2.19.so
7fc5a6522000-7fc5a6523000 rw-p 00019000 08:02 7078147                    /lib/x86_64-linux-gnu/libpthread-2.19.so
7fc5a6523000-7fc5a6527000 rw-p 00000000 00:00 0 
7fc5a6527000-7fc5a654a000 r-xp 00000000 08:02 7078139                    /lib/x86_64-linux-gnu/ld-2.19.so
7fc5a654a000-7fc5a654b000 r--s 00006000 08:02 32509710                   /home/yucheng-slave/workspace/tools/apache-maven-3.3.1/lib/plexus-sec-dispatcher-1.3.jar
7fc5a654b000-7fc5a654c000 r--s 00001000 08:02 32509646                   /home/yucheng-slave/workspace/tools/apache-maven-3.3.1/lib/jsr250-api-1.0.jar
7fc5a654c000-7fc5a654e000 r--s 0000b000 08:02 32509712                   /home/yucheng-slave/workspace/tools/apache-maven-3.3.1/lib/wagon-provider-api-2.8.jar
7fc5a654e000-7fc5a6550000 r--s 00005000 08:02 32509649                   /home/yucheng-slave/workspace/tools/apache-maven-3.3.1/lib/maven-repository-metadata-3.3.1.jar
7fc5a6550000-7fc5a6554000 r--s 00027000 08:02 32509713                   /home/yucheng-slave/workspace/tools/apache-maven-3.3.1/lib/commons-io-2.2.jar
7fc5a6554000-7fc5a6556000 r--s 00009000 08:02 32509678                   /home/yucheng-slave/workspace/tools/apache-maven-3.3.1/lib/commons-cli-1.2.jar
7fc5a6556000-7fc5a6558000 r--s 00006000 08:02 32509644                   /home/yucheng-slave/workspace/tools/apache-maven-3.3.1/lib/aether-spi-1.0.2.v20150114.jar
7fc5a6558000-7fc5a655e000 r--s 00040000 08:02 32509711                   /home/yucheng-slave/workspace/tools/apache-maven-3.3.1/lib/maven-compat-3.3.1.jar
7fc5a655e000-7fc5a6560000 r--s 00009000 08:02 32509660                   /home/yucheng-slave/workspace/tools/apache-maven-3.3.1/lib/maven-settings-builder-3.3.1.jar
7fc5a6560000-7fc5a6562000 r--s 00000000 08:02 32509703                   /home/yucheng-slave/workspace/tools/apache-maven-3.3.1/lib/plexus-component-annotations-1.5.5.jar
7fc5a6562000-7fc5a6564000 r--s 0000f000 08:02 32509714                   /home/yucheng-slave/workspace/tools/apache-maven-3.3.1/lib/maven-aether-provider-3.3.1.jar
7fc5a6564000-7fc5a656a000 r--s 0002d000 08:02 32509705                   /home/yucheng-slave/workspace/tools/apache-maven-3.3.1/lib/org.eclipse.sisu.plexus-0.3.0.jar
7fc5a656a000-7fc5a657d000 rw-p 00000000 00:00 0 
7fc5a657d000-7fc5a662a000 rw-p 00000000 00:00 0 
7fc5a662a000-7fc5a662d000 ---p 00000000 00:00 0 
7fc5a662d000-7fc5a672f000 rw-p 00000000 00:00 0                          [stack:5377]
7fc5a672f000-7fc5a6730000 r--s 00003000 08:02 32509674                   /home/yucheng-slave/workspace/tools/apache-maven-3.3.1/lib/maven-builder-support-3.3.1.jar
7fc5a6730000-7fc5a6734000 r--s 00027000 08:02 32509664                   /home/yucheng-slave/workspace/tools/apache-maven-3.3.1/lib/aether-impl-1.0.2.v20150114.jar
7fc5a6734000-7fc5a6736000 r--s 0000c000 08:02 32509645                   /home/yucheng-slave/workspace/tools/apache-maven-3.3.1/lib/maven-artifact-3.3.1.jar
7fc5a6736000-7fc5a6737000 r--s 00002000 08:02 32509667                   /home/yucheng-slave/workspace/tools/apache-maven-3.3.1/lib/wagon-http-shared-2.8.jar
7fc5a6737000-7fc5a673a000 r--s 00008000 08:02 32509708                   /home/yucheng-slave/workspace/tools/apache-maven-3.3.1/lib/cdi-api-1.0.jar
7fc5a673a000-7fc5a673c000 r--s 0000b000 08:02 32509729                   /home/yucheng-slave/workspace/tools/apache-maven-3.3.1/boot/plexus-classworlds-2.5.2.jar
7fc5a673c000-7fc5a673d000 rw-p 00000000 00:00 0 
7fc5a673d000-7fc5a6745000 rw-s 00000000 08:02 57671784                   /tmp/hsperfdata_yucheng-slave/5358
7fc5a6745000-7fc5a6746000 rw-p 00000000 00:00 0 
7fc5a6746000-7fc5a6747000 r--p 00000000 00:00 0 
7fc5a6747000-7fc5a6749000 rw-p 00000000 00:00 0 
7fc5a6749000-7fc5a674a000 r--p 00022000 08:02 7078139                    /lib/x86_64-linux-gnu/ld-2.19.so
7fc5a674a000-7fc5a674b000 rw-p 00023000 08:02 7078139                    /lib/x86_64-linux-gnu/ld-2.19.so
7fc5a674b000-7fc5a674c000 rw-p 00000000 00:00 0 
7fff45828000-7fff4584a000 rw-p 00000000 00:00 0                          [stack]
7fff45904000-7fff45906000 r-xp 00000000 00:00 0                          [vdso]
ffffffffff600000-ffffffffff601000 r-xp 00000000 00:00 0                  [vsyscall]

VM Arguments:
jvm_args: -Xdebug -Xnoagent -Djava.compiler=NONE -Xrunjdwp:transport=dt_socket,address=4002,server=y,suspend=n -Dclassworlds.conf=/home/yucheng-slave/workspace/tools/apache-maven-3.3.1/bin/m2.conf -Dmaven.home=/home/yucheng-slave/workspace/tools/apache-maven-3.3.1 -Dmaven.multiModuleProjectDirectory=/home/yucheng-slave/workspace/lesbonne/core/platformserver 
java_command: org.codehaus.plexus.classworlds.launcher.Launcher clean -Djettyy.port=8092 jetty:run
Launcher Type: SUN_STANDARD

Environment Variables:
JAVA_HOME=/home/yucheng-slave/Yummet/Webapp/tools/jdk/Linux/jdk1.7.0_80
PATH=/usr/local/sbin:/usr/local/bin:/usr/sbin:/usr/bin:/sbin:/bin:/usr/games:/usr/local/games:/home/yucheng-slave/Amher/Web/tools/jdk/Linux/jdk1.7.0_80/bin
SHELL=/bin/bash
DISPLAY=:0

Signal Handlers:
SIGSEGV: [libjvm.so+0x9a3650], sa_mask[0]=0x7ffbfeff, sa_flags=0x10000004
SIGBUS: [libjvm.so+0x9a3650], sa_mask[0]=0x7ffbfeff, sa_flags=0x10000004
SIGFPE: [libjvm.so+0x81e290], sa_mask[0]=0x7ffbfeff, sa_flags=0x10000004
SIGPIPE: [libjvm.so+0x81e290], sa_mask[0]=0x7ffbfeff, sa_flags=0x10000004
SIGXFSZ: [libjvm.so+0x81e290], sa_mask[0]=0x7ffbfeff, sa_flags=0x10000004
SIGILL: [libjvm.so+0x81e290], sa_mask[0]=0x7ffbfeff, sa_flags=0x10000004
SIGUSR1: SIG_DFL, sa_mask[0]=0x00000000, sa_flags=0x00000000
SIGUSR2: [libjvm.so+0x81fb00], sa_mask[0]=0x00000004, sa_flags=0x10000004
SIGHUP: [libjvm.so+0x820c20], sa_mask[0]=0x7ffbfeff, sa_flags=0x10000004
SIGINT: [libjvm.so+0x820c20], sa_mask[0]=0x7ffbfeff, sa_flags=0x10000004
SIGTERM: [libjvm.so+0x820c20], sa_mask[0]=0x7ffbfeff, sa_flags=0x10000004
SIGQUIT: [libjvm.so+0x820c20], sa_mask[0]=0x7ffbfeff, sa_flags=0x10000004


---------------  S Y S T E M  ---------------

OS:jessie/sid

uname:Linux 3.13.0-46-generic #76-Ubuntu SMP Thu Feb 26 18:52:13 UTC 2015 x86_64
libc:glibc 2.19 NPTL 2.19 
rlimit: STACK 8192k, CORE 0k, NPROC 61518, NOFILE 4096, AS infinity
load average:1.88 1.64 1.45

/proc/meminfo:
MemTotal:        8124760 kB
MemFree:          152276 kB
Buffers:           53868 kB
Cached:           676344 kB
SwapCached:       179820 kB
Active:          5811816 kB
Inactive:        1717972 kB
Active(anon):    5451024 kB
Inactive(anon):  1385504 kB
Active(file):     360792 kB
Inactive(file):   332468 kB
Unevictable:          32 kB
Mlocked:              32 kB
SwapTotal:       8336380 kB
SwapFree:        6232040 kB
Dirty:             13364 kB
Writeback:             0 kB
AnonPages:       6702524 kB
Mapped:           191840 kB
Shmem:             36852 kB
Slab:             256596 kB
SReclaimable:     197668 kB
SUnreclaim:        58928 kB
KernelStack:        9824 kB
PageTables:        73868 kB
NFS_Unstable:          0 kB
Bounce:                0 kB
WritebackTmp:          0 kB
CommitLimit:    12398760 kB
Committed_AS:   19241140 kB
VmallocTotal:   34359738367 kB
VmallocUsed:       92668 kB
VmallocChunk:   34359620188 kB
HardwareCorrupted:     0 kB
AnonHugePages:   3772416 kB
HugePages_Total:       0
HugePages_Free:        0
HugePages_Rsvd:        0
HugePages_Surp:        0
Hugepagesize:       2048 kB
DirectMap4k:      145004 kB
DirectMap2M:     8192000 kB
DirectMap1G:           0 kB


CPU:total 8 (4 cores per cpu, 2 threads per core) family 6 model 60 stepping 3, cmov, cx8, fxsr, mmx, sse, sse2, sse3, ssse3, sse4.1, sse4.2, popcnt, avx, avx2, aes, erms, ht, tsc, tscinvbit

/proc/cpuinfo:
processor	: 0
vendor_id	: GenuineIntel
cpu family	: 6
model		: 60
model name	: Intel(R) Core(TM) i7-4790 CPU @ 3.60GHz
stepping	: 3
microcode	: 0x17
cpu MHz		: 800.000
cache size	: 8192 KB
physical id	: 0
siblings	: 8
core id		: 0
cpu cores	: 4
apicid		: 0
initial apicid	: 0
fpu		: yes
fpu_exception	: yes
cpuid level	: 13
wp		: yes
flags		: fpu vme de pse tsc msr pae mce cx8 apic sep mtrr pge mca cmov pat pse36 clflush dts acpi mmx fxsr sse sse2 ss ht tm pbe syscall nx pdpe1gb rdtscp lm constant_tsc arch_perfmon pebs bts rep_good nopl xtopology nonstop_tsc aperfmperf eagerfpu pni pclmulqdq dtes64 monitor ds_cpl vmx smx est tm2 ssse3 fma cx16 xtpr pdcm pcid sse4_1 sse4_2 x2apic movbe popcnt tsc_deadline_timer aes xsave avx f16c rdrand lahf_lm abm ida arat xsaveopt pln pts dtherm tpr_shadow vnmi flexpriority ept vpid fsgsbase tsc_adjust bmi1 hle avx2 smep bmi2 erms invpcid rtm
bogomips	: 7199.86
clflush size	: 64
cache_alignment	: 64
address sizes	: 39 bits physical, 48 bits virtual
power management:

processor	: 1
vendor_id	: GenuineIntel
cpu family	: 6
model		: 60
model name	: Intel(R) Core(TM) i7-4790 CPU @ 3.60GHz
stepping	: 3
microcode	: 0x17
cpu MHz		: 800.000
cache size	: 8192 KB
physical id	: 0
siblings	: 8
core id		: 1
cpu cores	: 4
apicid		: 2
initial apicid	: 2
fpu		: yes
fpu_exception	: yes
cpuid level	: 13
wp		: yes
flags		: fpu vme de pse tsc msr pae mce cx8 apic sep mtrr pge mca cmov pat pse36 clflush dts acpi mmx fxsr sse sse2 ss ht tm pbe syscall nx pdpe1gb rdtscp lm constant_tsc arch_perfmon pebs bts rep_good nopl xtopology nonstop_tsc aperfmperf eagerfpu pni pclmulqdq dtes64 monitor ds_cpl vmx smx est tm2 ssse3 fma cx16 xtpr pdcm pcid sse4_1 sse4_2 x2apic movbe popcnt tsc_deadline_timer aes xsave avx f16c rdrand lahf_lm abm ida arat xsaveopt pln pts dtherm tpr_shadow vnmi flexpriority ept vpid fsgsbase tsc_adjust bmi1 hle avx2 smep bmi2 erms invpcid rtm
bogomips	: 7199.86
clflush size	: 64
cache_alignment	: 64
address sizes	: 39 bits physical, 48 bits virtual
power management:

processor	: 2
vendor_id	: GenuineIntel
cpu family	: 6
model		: 60
model name	: Intel(R) Core(TM) i7-4790 CPU @ 3.60GHz
stepping	: 3
microcode	: 0x17
cpu MHz		: 800.000
cache size	: 8192 KB
physical id	: 0
siblings	: 8
core id		: 2
cpu cores	: 4
apicid		: 4
initial apicid	: 4
fpu		: yes
fpu_exception	: yes
cpuid level	: 13
wp		: yes
flags		: fpu vme de pse tsc msr pae mce cx8 apic sep mtrr pge mca cmov pat pse36 clflush dts acpi mmx fxsr sse sse2 ss ht tm pbe syscall nx pdpe1gb rdtscp lm constant_tsc arch_perfmon pebs bts rep_good nopl xtopology nonstop_tsc aperfmperf eagerfpu pni pclmulqdq dtes64 monitor ds_cpl vmx smx est tm2 ssse3 fma cx16 xtpr pdcm pcid sse4_1 sse4_2 x2apic movbe popcnt tsc_deadline_timer aes xsave avx f16c rdrand lahf_lm abm ida arat xsaveopt pln pts dtherm tpr_shadow vnmi flexpriority ept vpid fsgsbase tsc_adjust bmi1 hle avx2 smep bmi2 erms invpcid rtm
bogomips	: 7199.86
clflush size	: 64
cache_alignment	: 64
address sizes	: 39 bits physical, 48 bits virtual
power management:

processor	: 3
vendor_id	: GenuineIntel
cpu family	: 6
model		: 60
model name	: Intel(R) Core(TM) i7-4790 CPU @ 3.60GHz
stepping	: 3
microcode	: 0x17
cpu MHz		: 3601.000
cache size	: 8192 KB
physical id	: 0
siblings	: 8
core id		: 3
cpu cores	: 4
apicid		: 6
initial apicid	: 6
fpu		: yes
fpu_exception	: yes
cpuid level	: 13
wp		: yes
flags		: fpu vme de pse tsc msr pae mce cx8 apic sep mtrr pge mca cmov pat pse36 clflush dts acpi mmx fxsr sse sse2 ss ht tm pbe syscall nx pdpe1gb rdtscp lm constant_tsc arch_perfmon pebs bts rep_good nopl xtopology nonstop_tsc aperfmperf eagerfpu pni pclmulqdq dtes64 monitor ds_cpl vmx smx est tm2 ssse3 fma cx16 xtpr pdcm pcid sse4_1 sse4_2 x2apic movbe popcnt tsc_deadline_timer aes xsave avx f16c rdrand lahf_lm abm ida arat xsaveopt pln pts dtherm tpr_shadow vnmi flexpriority ept vpid fsgsbase tsc_adjust bmi1 hle avx2 smep bmi2 erms invpcid rtm
bogomips	: 7199.86
clflush size	: 64
cache_alignment	: 64
address sizes	: 39 bits physical, 48 bits virtual
power management:

processor	: 4
vendor_id	: GenuineIntel
cpu family	: 6
model		: 60
model name	: Intel(R) Core(TM) i7-4790 CPU @ 3.60GHz
stepping	: 3
microcode	: 0x17
cpu MHz		: 3601.000
cache size	: 8192 KB
physical id	: 0
siblings	: 8
core id		: 0
cpu cores	: 4
apicid		: 1
initial apicid	: 1
fpu		: yes
fpu_exception	: yes
cpuid level	: 13
wp		: yes
flags		: fpu vme de pse tsc msr pae mce cx8 apic sep mtrr pge mca cmov pat pse36 clflush dts acpi mmx fxsr sse sse2 ss ht tm pbe syscall nx pdpe1gb rdtscp lm constant_tsc arch_perfmon pebs bts rep_good nopl xtopology nonstop_tsc aperfmperf eagerfpu pni pclmulqdq dtes64 monitor ds_cpl vmx smx est tm2 ssse3 fma cx16 xtpr pdcm pcid sse4_1 sse4_2 x2apic movbe popcnt tsc_deadline_timer aes xsave avx f16c rdrand lahf_lm abm ida arat xsaveopt pln pts dtherm tpr_shadow vnmi flexpriority ept vpid fsgsbase tsc_adjust bmi1 hle avx2 smep bmi2 erms invpcid rtm
bogomips	: 7199.86
clflush size	: 64
cache_alignment	: 64
address sizes	: 39 bits physical, 48 bits virtual
power management:

processor	: 5
vendor_id	: GenuineIntel
cpu family	: 6
model		: 60
model name	: Intel(R) Core(TM) i7-4790 CPU @ 3.60GHz
stepping	: 3
microcode	: 0x17
cpu MHz		: 3601.000
cache size	: 8192 KB
physical id	: 0
siblings	: 8
core id		: 1
cpu cores	: 4
apicid		: 3
initial apicid	: 3
fpu		: yes
fpu_exception	: yes
cpuid level	: 13
wp		: yes
flags		: fpu vme de pse tsc msr pae mce cx8 apic sep mtrr pge mca cmov pat pse36 clflush dts acpi mmx fxsr sse sse2 ss ht tm pbe syscall nx pdpe1gb rdtscp lm constant_tsc arch_perfmon pebs bts rep_good nopl xtopology nonstop_tsc aperfmperf eagerfpu pni pclmulqdq dtes64 monitor ds_cpl vmx smx est tm2 ssse3 fma cx16 xtpr pdcm pcid sse4_1 sse4_2 x2apic movbe popcnt tsc_deadline_timer aes xsave avx f16c rdrand lahf_lm abm ida arat xsaveopt pln pts dtherm tpr_shadow vnmi flexpriority ept vpid fsgsbase tsc_adjust bmi1 hle avx2 smep bmi2 erms invpcid rtm
bogomips	: 7199.86
clflush size	: 64
cache_alignment	: 64
address sizes	: 39 bits physical, 48 bits virtual
power management:

processor	: 6
vendor_id	: GenuineIntel
cpu family	: 6
model		: 60
model name	: Intel(R) Core(TM) i7-4790 CPU @ 3.60GHz
stepping	: 3
microcode	: 0x17
cpu MHz		: 3601.000
cache size	: 8192 KB
physical id	: 0
siblings	: 8
core id		: 2
cpu cores	: 4
apicid		: 5
initial apicid	: 5
fpu		: yes
fpu_exception	: yes
cpuid level	: 13
wp		: yes
flags		: fpu vme de pse tsc msr pae mce cx8 apic sep mtrr pge mca cmov pat pse36 clflush dts acpi mmx fxsr sse sse2 ss ht tm pbe syscall nx pdpe1gb rdtscp lm constant_tsc arch_perfmon pebs bts rep_good nopl xtopology nonstop_tsc aperfmperf eagerfpu pni pclmulqdq dtes64 monitor ds_cpl vmx smx est tm2 ssse3 fma cx16 xtpr pdcm pcid sse4_1 sse4_2 x2apic movbe popcnt tsc_deadline_timer aes xsave avx f16c rdrand lahf_lm abm ida arat xsaveopt pln pts dtherm tpr_shadow vnmi flexpriority ept vpid fsgsbase tsc_adjust bmi1 hle avx2 smep bmi2 erms invpcid rtm
bogomips	: 7199.86
clflush size	: 64
cache_alignment	: 64
address sizes	: 39 bits physical, 48 bits virtual
power management:

processor	: 7
vendor_id	: GenuineIntel
cpu family	: 6
model		: 60
model name	: Intel(R) Core(TM) i7-4790 CPU @ 3.60GHz
stepping	: 3
microcode	: 0x17
cpu MHz		: 800.000
cache size	: 8192 KB
physical id	: 0
siblings	: 8
core id		: 3
cpu cores	: 4
apicid		: 7
initial apicid	: 7
fpu		: yes
fpu_exception	: yes
cpuid level	: 13
wp		: yes
flags		: fpu vme de pse tsc msr pae mce cx8 apic sep mtrr pge mca cmov pat pse36 clflush dts acpi mmx fxsr sse sse2 ss ht tm pbe syscall nx pdpe1gb rdtscp lm constant_tsc arch_perfmon pebs bts rep_good nopl xtopology nonstop_tsc aperfmperf eagerfpu pni pclmulqdq dtes64 monitor ds_cpl vmx smx est tm2 ssse3 fma cx16 xtpr pdcm pcid sse4_1 sse4_2 x2apic movbe popcnt tsc_deadline_timer aes xsave avx f16c rdrand lahf_lm abm ida arat xsaveopt pln pts dtherm tpr_shadow vnmi flexpriority ept vpid fsgsbase tsc_adjust bmi1 hle avx2 smep bmi2 erms invpcid rtm
bogomips	: 7199.86
clflush size	: 64
cache_alignment	: 64
address sizes	: 39 bits physical, 48 bits virtual
power management:



Memory: 4k page, physical 8124760k(152276k free), swap 8336380k(6232040k free)

vm_info: Java HotSpot(TM) 64-Bit Server VM (24.80-b07) for linux-amd64 JRE (1.7.0_80-ea-b05), built on Jan 21 2015 04:28:16 by "java_re" with gcc 4.3.0 20080428 (Red Hat 4.3.0-8)

time: Tue Dec 22 22:13:43 2015
elapsed time: 251 seconds

